{
  "message": "\nInvalid `__TURBOPACK__imported__module__$5b$project$5d2f$src$2f$lib$2f$prisma$2e$ts__$5b$app$2d$route$5d$__$28$ecmascript$29$__[\"prisma\"].user.findUnique()` invocation in\nD:\\p-p\\placement_platform\\.next\\dev\\server\\chunks\\[root-of-the-server]__0be74f71._.js:216:174\n\n  213 }\n  214 console.log('🔄 Attempting login for:', credentials.email);\n  215 // Find user in database\n→ 216 const user = await __TURBOPACK__imported__module__$5b$project$5d2f$src$2f$lib$2f$prisma$2e$ts__$5b$app$2d$route$5d$__$28$ecmascript$29$__[\"prisma\"].user.findUnique(\nAuthentication failed against the database server, the provided database credentials for `postgres` are not valid",
  "stack": "PrismaClientKnownRequestError: \nInvalid `__TURBOPACK__imported__module__$5b$project$5d2f$src$2f$lib$2f$prisma$2e$ts__$5b$app$2d$route$5d$__$28$ecmascript$29$__[\"prisma\"].user.findUnique()` invocation in\nD:\\p-p\\placement_platform\\.next\\dev\\server\\chunks\\[root-of-the-server]__0be74f71._.js:216:174\n\n  213 }\n  214 console.log('🔄 Attempting login for:', credentials.email);\n  215 // Find user in database\n→ 216 const user = await __TURBOPACK__imported__module__$5b$project$5d2f$src$2f$lib$2f$prisma$2e$ts__$5b$app$2d$route$5d$__$28$ecmascript$29$__[\"prisma\"].user.findUnique(\nAuthentication failed against the database server, the provided database credentials for `postgres` are not valid\n    at qr.handleRequestError (D:\\p-p\\placement_platform\\node_modules\\@prisma\\client\\runtime\\client.js:65:8172)\n    at qr.handleAndLogRequestError (D:\\p-p\\placement_platform\\node_modules\\@prisma\\client\\runtime\\client.js:65:7467)\n    at qr.request (D:\\p-p\\placement_platform\\node_modules\\@prisma\\client\\runtime\\client.js:65:7174)\n    at process.processTicksAndRejections (node:internal/process/task_queues:105:5)\n    at async a (D:\\p-p\\placement_platform\\node_modules\\@prisma\\client\\runtime\\client.js:75:5816)\n    at async Object.authorize (D:\\p-p\\placement_platform\\.next\\dev\\server\\chunks\\[root-of-the-server]__0be74f71._.js:216:34)\n    at async Object.callback (D:\\p-p\\placement_platform\\.next\\dev\\server\\chunks\\node_modules_next-auth_1810886e._.js:1600:20)\n    at async AuthHandler (D:\\p-p\\placement_platform\\.next\\dev\\server\\chunks\\node_modules_next-auth_1810886e._.js:3333:38)\n    at async NextAuthRouteHandler (D:\\p-p\\placement_platform\\.next\\dev\\server\\chunks\\node_modules_next-auth_1810886e._.js:3501:30)\n    at async NextAuth._args$ (D:\\p-p\\placement_platform\\.next\\dev\\server\\chunks\\node_modules_next-auth_1810886e._.js:3536:24)\n    at async AppRouteRouteModule.do (D:\\p-p\\placement_platform\\node_modules\\next\\dist\\compiled\\next-server\\app-route-turbo.runtime.dev.js:5:37866)\n    at async AppRouteRouteModule.handle (D:\\p-p\\placement_platform\\node_modules\\next\\dist\\compiled\\next-server\\app-route-turbo.runtime.dev.js:5:45156)\n    at async responseGenerator (D:\\p-p\\placement_platform\\.next\\dev\\server\\chunks\\node_modules_next_2741d3c7._.js:12024:38)\n    at async AppRouteRouteModule.handleResponse (D:\\p-p\\placement_platform\\node_modules\\next\\dist\\compiled\\next-server\\app-route-turbo.runtime.dev.js:1:187713)\n    at async handleResponse (D:\\p-p\\placement_platform\\.next\\dev\\server\\chunks\\node_modules_next_2741d3c7._.js:12087:32)\n    at async Module.handler (D:\\p-p\\placement_platform\\.next\\dev\\server\\chunks\\node_modules_next_2741d3c7._.js:12140:13)\n    at async DevServer.renderToResponseWithComponentsImpl (D:\\p-p\\placement_platform\\node_modules\\next\\dist\\server\\base-server.js:1422:9)\n    at async DevServer.renderPageComponent (D:\\p-p\\placement_platform\\node_modules\\next\\dist\\server\\base-server.js:1474:24)\n    at async DevServer.renderToResponseImpl (D:\\p-p\\placement_platform\\node_modules\\next\\dist\\server\\base-server.js:1524:32)\n    at async DevServer.pipeImpl (D:\\p-p\\placement_platform\\node_modules\\next\\dist\\server\\base-server.js:1018:25)\n    at async NextNodeServer.handleCatchallRenderRequest (D:\\p-p\\placement_platform\\node_modules\\next\\dist\\server\\next-server.js:395:17)\n    at async DevServer.handleRequestImpl (D:\\p-p\\placement_platform\\node_modules\\next\\dist\\server\\base-server.js:909:17)\n    at async D:\\p-p\\placement_platform\\node_modules\\next\\dist\\server\\dev\\next-dev-server.js:387:20\n    at async Span.traceAsyncFn (D:\\p-p\\placement_platform\\node_modules\\next\\dist\\trace\\trace.js:157:20)\n    at async DevServer.handleRequest (D:\\p-p\\placement_platform\\node_modules\\next\\dist\\server\\dev\\next-dev-server.js:383:24)\n    at async invokeRender (D:\\p-p\\placement_platform\\node_modules\\next\\dist\\server\\lib\\router-server.js:248:21)\n    at async handleRequest (D:\\p-p\\placement_platform\\node_modules\\next\\dist\\server\\lib\\router-server.js:447:24)\n    at async requestHandlerImpl (D:\\p-p\\placement_platform\\node_modules\\next\\dist\\server\\lib\\router-server.js:496:13)\n    at async Server.requestListener (D:\\p-p\\placement_platform\\node_modules\\next\\dist\\server\\lib\\start-server.js:226:13)",
  "error": {
    "code": "P1000",
    "meta": {
      "modelName": "User",
      "driverAdapterError": {
        "name": "DriverAdapterError",
        "cause": {
          "originalCode": "28P01",
          "originalMessage": "password authentication failed for user \"postgres\"",
          "kind": "AuthenticationFailed",
          "user": "postgres"
        }
      }
    },
    "clientVersion": "7.2.0",
    "name": "PrismaClientKnownRequestError"
  },
  "timestamp": "2026-01-18T07:05:21.190Z"
}
{
  "message": "\nInvalid `__TURBOPACK__imported__module__$5b$project$5d2f$src$2f$lib$2f$prisma$2e$ts__$5b$app$2d$route$5d$__$28$ecmascript$29$__[\"prisma\"].user.findUnique()` invocation in\nD:\\p-p\\placement_platform\\.next\\dev\\server\\chunks\\[root-of-the-server]__0be74f71._.js:216:174\n\n  213 }\n  214 console.log('🔄 Attempting login for:', credentials.email);\n  215 // Find user in database\n→ 216 const user = await __TURBOPACK__imported__module__$5b$project$5d2f$src$2f$lib$2f$prisma$2e$ts__$5b$app$2d$route$5d$__$28$ecmascript$29$__[\"prisma\"].user.findUnique(\nAuthentication failed against the database server, the provided database credentials for `postgres` are not valid",
  "stack": "PrismaClientKnownRequestError: \nInvalid `__TURBOPACK__imported__module__$5b$project$5d2f$src$2f$lib$2f$prisma$2e$ts__$5b$app$2d$route$5d$__$28$ecmascript$29$__[\"prisma\"].user.findUnique()` invocation in\nD:\\p-p\\placement_platform\\.next\\dev\\server\\chunks\\[root-of-the-server]__0be74f71._.js:216:174\n\n  213 }\n  214 console.log('🔄 Attempting login for:', credentials.email);\n  215 // Find user in database\n→ 216 const user = await __TURBOPACK__imported__module__$5b$project$5d2f$src$2f$lib$2f$prisma$2e$ts__$5b$app$2d$route$5d$__$28$ecmascript$29$__[\"prisma\"].user.findUnique(\nAuthentication failed against the database server, the provided database credentials for `postgres` are not valid\n    at qr.handleRequestError (D:\\p-p\\placement_platform\\node_modules\\@prisma\\client\\runtime\\client.js:65:8172)\n    at qr.handleAndLogRequestError (D:\\p-p\\placement_platform\\node_modules\\@prisma\\client\\runtime\\client.js:65:7467)\n    at qr.request (D:\\p-p\\placement_platform\\node_modules\\@prisma\\client\\runtime\\client.js:65:7174)\n    at process.processTicksAndRejections (node:internal/process/task_queues:105:5)\n    at async a (D:\\p-p\\placement_platform\\node_modules\\@prisma\\client\\runtime\\client.js:75:5816)\n    at async Object.authorize (D:\\p-p\\placement_platform\\.next\\dev\\server\\chunks\\[root-of-the-server]__0be74f71._.js:216:34)\n    at async Object.callback (D:\\p-p\\placement_platform\\.next\\dev\\server\\chunks\\node_modules_next-auth_1810886e._.js:1600:20)\n    at async AuthHandler (D:\\p-p\\placement_platform\\.next\\dev\\server\\chunks\\node_modules_next-auth_1810886e._.js:3333:38)\n    at async NextAuthRouteHandler (D:\\p-p\\placement_platform\\.next\\dev\\server\\chunks\\node_modules_next-auth_1810886e._.js:3501:30)\n    at async NextAuth._args$ (D:\\p-p\\placement_platform\\.next\\dev\\server\\chunks\\node_modules_next-auth_1810886e._.js:3536:24)\n    at async AppRouteRouteModule.do (D:\\p-p\\placement_platform\\node_modules\\next\\dist\\compiled\\next-server\\app-route-turbo.runtime.dev.js:5:37866)\n    at async AppRouteRouteModule.handle (D:\\p-p\\placement_platform\\node_modules\\next\\dist\\compiled\\next-server\\app-route-turbo.runtime.dev.js:5:45156)\n    at async responseGenerator (D:\\p-p\\placement_platform\\.next\\dev\\server\\chunks\\node_modules_next_2741d3c7._.js:12024:38)\n    at async AppRouteRouteModule.handleResponse (D:\\p-p\\placement_platform\\node_modules\\next\\dist\\compiled\\next-server\\app-route-turbo.runtime.dev.js:1:187713)\n    at async handleResponse (D:\\p-p\\placement_platform\\.next\\dev\\server\\chunks\\node_modules_next_2741d3c7._.js:12087:32)\n    at async Module.handler (D:\\p-p\\placement_platform\\.next\\dev\\server\\chunks\\node_modules_next_2741d3c7._.js:12140:13)\n    at async DevServer.renderToResponseWithComponentsImpl (D:\\p-p\\placement_platform\\node_modules\\next\\dist\\server\\base-server.js:1422:9)\n    at async DevServer.renderPageComponent (D:\\p-p\\placement_platform\\node_modules\\next\\dist\\server\\base-server.js:1474:24)\n    at async DevServer.renderToResponseImpl (D:\\p-p\\placement_platform\\node_modules\\next\\dist\\server\\base-server.js:1524:32)\n    at async DevServer.pipeImpl (D:\\p-p\\placement_platform\\node_modules\\next\\dist\\server\\base-server.js:1018:25)\n    at async NextNodeServer.handleCatchallRenderRequest (D:\\p-p\\placement_platform\\node_modules\\next\\dist\\server\\next-server.js:395:17)\n    at async DevServer.handleRequestImpl (D:\\p-p\\placement_platform\\node_modules\\next\\dist\\server\\base-server.js:909:17)\n    at async D:\\p-p\\placement_platform\\node_modules\\next\\dist\\server\\dev\\next-dev-server.js:387:20\n    at async Span.traceAsyncFn (D:\\p-p\\placement_platform\\node_modules\\next\\dist\\trace\\trace.js:157:20)\n    at async DevServer.handleRequest (D:\\p-p\\placement_platform\\node_modules\\next\\dist\\server\\dev\\next-dev-server.js:383:24)\n    at async invokeRender (D:\\p-p\\placement_platform\\node_modules\\next\\dist\\server\\lib\\router-server.js:248:21)\n    at async handleRequest (D:\\p-p\\placement_platform\\node_modules\\next\\dist\\server\\lib\\router-server.js:447:24)\n    at async requestHandlerImpl (D:\\p-p\\placement_platform\\node_modules\\next\\dist\\server\\lib\\router-server.js:496:13)\n    at async Server.requestListener (D:\\p-p\\placement_platform\\node_modules\\next\\dist\\server\\lib\\start-server.js:226:13)",
  "error": {
    "code": "P1000",
    "meta": {
      "modelName": "User",
      "driverAdapterError": {
        "name": "DriverAdapterError",
        "cause": {
          "originalCode": "28P01",
          "originalMessage": "password authentication failed for user \"postgres\"",
          "kind": "AuthenticationFailed",
          "user": "postgres"
        }
      }
    },
    "clientVersion": "7.2.0",
    "name": "PrismaClientKnownRequestError"
  },
  "timestamp": "2026-01-18T07:05:23.442Z"
}
{
  "message": "\nInvalid `__TURBOPACK__imported__module__$5b$project$5d2f$src$2f$lib$2f$prisma$2e$ts__$5b$app$2d$route$5d$__$28$ecmascript$29$__[\"prisma\"].user.findUnique()` invocation in\nD:\\p-p\\placement_platform\\.next\\dev\\server\\chunks\\[root-of-the-server]__0be74f71._.js:216:174\n\n  213 }\n  214 console.log('🔄 Attempting login for:', credentials.email);\n  215 // Find user in database\n→ 216 const user = await __TURBOPACK__imported__module__$5b$project$5d2f$src$2f$lib$2f$prisma$2e$ts__$5b$app$2d$route$5d$__$28$ecmascript$29$__[\"prisma\"].user.findUnique(\nAuthentication failed against the database server, the provided database credentials for `postgres` are not valid",
  "stack": "PrismaClientKnownRequestError: \nInvalid `__TURBOPACK__imported__module__$5b$project$5d2f$src$2f$lib$2f$prisma$2e$ts__$5b$app$2d$route$5d$__$28$ecmascript$29$__[\"prisma\"].user.findUnique()` invocation in\nD:\\p-p\\placement_platform\\.next\\dev\\server\\chunks\\[root-of-the-server]__0be74f71._.js:216:174\n\n  213 }\n  214 console.log('🔄 Attempting login for:', credentials.email);\n  215 // Find user in database\n→ 216 const user = await __TURBOPACK__imported__module__$5b$project$5d2f$src$2f$lib$2f$prisma$2e$ts__$5b$app$2d$route$5d$__$28$ecmascript$29$__[\"prisma\"].user.findUnique(\nAuthentication failed against the database server, the provided database credentials for `postgres` are not valid\n    at qr.handleRequestError (D:\\p-p\\placement_platform\\node_modules\\@prisma\\client\\runtime\\client.js:65:8172)\n    at qr.handleAndLogRequestError (D:\\p-p\\placement_platform\\node_modules\\@prisma\\client\\runtime\\client.js:65:7467)\n    at qr.request (D:\\p-p\\placement_platform\\node_modules\\@prisma\\client\\runtime\\client.js:65:7174)\n    at process.processTicksAndRejections (node:internal/process/task_queues:105:5)\n    at async a (D:\\p-p\\placement_platform\\node_modules\\@prisma\\client\\runtime\\client.js:75:5816)\n    at async Object.authorize (D:\\p-p\\placement_platform\\.next\\dev\\server\\chunks\\[root-of-the-server]__0be74f71._.js:216:34)\n    at async Object.callback (D:\\p-p\\placement_platform\\.next\\dev\\server\\chunks\\node_modules_next-auth_1810886e._.js:1600:20)\n    at async AuthHandler (D:\\p-p\\placement_platform\\.next\\dev\\server\\chunks\\node_modules_next-auth_1810886e._.js:3333:38)\n    at async NextAuthRouteHandler (D:\\p-p\\placement_platform\\.next\\dev\\server\\chunks\\node_modules_next-auth_1810886e._.js:3501:30)\n    at async NextAuth._args$ (D:\\p-p\\placement_platform\\.next\\dev\\server\\chunks\\node_modules_next-auth_1810886e._.js:3536:24)\n    at async AppRouteRouteModule.do (D:\\p-p\\placement_platform\\node_modules\\next\\dist\\compiled\\next-server\\app-route-turbo.runtime.dev.js:5:37866)\n    at async AppRouteRouteModule.handle (D:\\p-p\\placement_platform\\node_modules\\next\\dist\\compiled\\next-server\\app-route-turbo.runtime.dev.js:5:45156)\n    at async responseGenerator (D:\\p-p\\placement_platform\\.next\\dev\\server\\chunks\\node_modules_next_2741d3c7._.js:12024:38)\n    at async AppRouteRouteModule.handleResponse (D:\\p-p\\placement_platform\\node_modules\\next\\dist\\compiled\\next-server\\app-route-turbo.runtime.dev.js:1:187713)\n    at async handleResponse (D:\\p-p\\placement_platform\\.next\\dev\\server\\chunks\\node_modules_next_2741d3c7._.js:12087:32)\n    at async Module.handler (D:\\p-p\\placement_platform\\.next\\dev\\server\\chunks\\node_modules_next_2741d3c7._.js:12140:13)\n    at async DevServer.renderToResponseWithComponentsImpl (D:\\p-p\\placement_platform\\node_modules\\next\\dist\\server\\base-server.js:1422:9)\n    at async DevServer.renderPageComponent (D:\\p-p\\placement_platform\\node_modules\\next\\dist\\server\\base-server.js:1474:24)\n    at async DevServer.renderToResponseImpl (D:\\p-p\\placement_platform\\node_modules\\next\\dist\\server\\base-server.js:1524:32)\n    at async DevServer.pipeImpl (D:\\p-p\\placement_platform\\node_modules\\next\\dist\\server\\base-server.js:1018:25)\n    at async NextNodeServer.handleCatchallRenderRequest (D:\\p-p\\placement_platform\\node_modules\\next\\dist\\server\\next-server.js:395:17)\n    at async DevServer.handleRequestImpl (D:\\p-p\\placement_platform\\node_modules\\next\\dist\\server\\base-server.js:909:17)\n    at async D:\\p-p\\placement_platform\\node_modules\\next\\dist\\server\\dev\\next-dev-server.js:387:20\n    at async Span.traceAsyncFn (D:\\p-p\\placement_platform\\node_modules\\next\\dist\\trace\\trace.js:157:20)\n    at async DevServer.handleRequest (D:\\p-p\\placement_platform\\node_modules\\next\\dist\\server\\dev\\next-dev-server.js:383:24)\n    at async invokeRender (D:\\p-p\\placement_platform\\node_modules\\next\\dist\\server\\lib\\router-server.js:248:21)\n    at async handleRequest (D:\\p-p\\placement_platform\\node_modules\\next\\dist\\server\\lib\\router-server.js:447:24)\n    at async requestHandlerImpl (D:\\p-p\\placement_platform\\node_modules\\next\\dist\\server\\lib\\router-server.js:496:13)\n    at async Server.requestListener (D:\\p-p\\placement_platform\\node_modules\\next\\dist\\server\\lib\\start-server.js:226:13)",
  "error": {
    "code": "P1000",
    "meta": {
      "modelName": "User",
      "driverAdapterError": {
        "name": "DriverAdapterError",
        "cause": {
          "originalCode": "28P01",
          "originalMessage": "password authentication failed for user \"postgres\"",
          "kind": "AuthenticationFailed",
          "user": "postgres"
        }
      }
    },
    "clientVersion": "7.2.0",
    "name": "PrismaClientKnownRequestError"
  },
  "timestamp": "2026-01-18T10:19:36.586Z"
}
{
  "message": "\nInvalid `__TURBOPACK__imported__module__$5b$project$5d2f$src$2f$lib$2f$prisma$2e$ts__$5b$app$2d$route$5d$__$28$ecmascript$29$__[\"prisma\"].user.findUnique()` invocation in\nD:\\p-p\\placement_platform\\.next\\dev\\server\\chunks\\[root-of-the-server]__0be74f71._.js:216:174\n\n  213 }\n  214 console.log('🔄 Attempting login for:', credentials.email);\n  215 // Find user in database\n→ 216 const user = await __TURBOPACK__imported__module__$5b$project$5d2f$src$2f$lib$2f$prisma$2e$ts__$5b$app$2d$route$5d$__$28$ecmascript$29$__[\"prisma\"].user.findUnique(\nAuthentication failed against the database server, the provided database credentials for `postgres` are not valid",
  "stack": "PrismaClientKnownRequestError: \nInvalid `__TURBOPACK__imported__module__$5b$project$5d2f$src$2f$lib$2f$prisma$2e$ts__$5b$app$2d$route$5d$__$28$ecmascript$29$__[\"prisma\"].user.findUnique()` invocation in\nD:\\p-p\\placement_platform\\.next\\dev\\server\\chunks\\[root-of-the-server]__0be74f71._.js:216:174\n\n  213 }\n  214 console.log('🔄 Attempting login for:', credentials.email);\n  215 // Find user in database\n→ 216 const user = await __TURBOPACK__imported__module__$5b$project$5d2f$src$2f$lib$2f$prisma$2e$ts__$5b$app$2d$route$5d$__$28$ecmascript$29$__[\"prisma\"].user.findUnique(\nAuthentication failed against the database server, the provided database credentials for `postgres` are not valid\n    at qr.handleRequestError (D:\\p-p\\placement_platform\\node_modules\\@prisma\\client\\runtime\\client.js:65:8172)\n    at qr.handleAndLogRequestError (D:\\p-p\\placement_platform\\node_modules\\@prisma\\client\\runtime\\client.js:65:7467)\n    at qr.request (D:\\p-p\\placement_platform\\node_modules\\@prisma\\client\\runtime\\client.js:65:7174)\n    at process.processTicksAndRejections (node:internal/process/task_queues:105:5)\n    at async a (D:\\p-p\\placement_platform\\node_modules\\@prisma\\client\\runtime\\client.js:75:5816)\n    at async Object.authorize (D:\\p-p\\placement_platform\\.next\\dev\\server\\chunks\\[root-of-the-server]__0be74f71._.js:216:34)\n    at async Object.callback (D:\\p-p\\placement_platform\\.next\\dev\\server\\chunks\\node_modules_next-auth_1810886e._.js:1600:20)\n    at async AuthHandler (D:\\p-p\\placement_platform\\.next\\dev\\server\\chunks\\node_modules_next-auth_1810886e._.js:3333:38)\n    at async NextAuthRouteHandler (D:\\p-p\\placement_platform\\.next\\dev\\server\\chunks\\node_modules_next-auth_1810886e._.js:3501:30)\n    at async NextAuth._args$ (D:\\p-p\\placement_platform\\.next\\dev\\server\\chunks\\node_modules_next-auth_1810886e._.js:3536:24)\n    at async AppRouteRouteModule.do (D:\\p-p\\placement_platform\\node_modules\\next\\dist\\compiled\\next-server\\app-route-turbo.runtime.dev.js:5:37866)\n    at async AppRouteRouteModule.handle (D:\\p-p\\placement_platform\\node_modules\\next\\dist\\compiled\\next-server\\app-route-turbo.runtime.dev.js:5:45156)\n    at async responseGenerator (D:\\p-p\\placement_platform\\.next\\dev\\server\\chunks\\node_modules_next_2741d3c7._.js:12024:38)\n    at async AppRouteRouteModule.handleResponse (D:\\p-p\\placement_platform\\node_modules\\next\\dist\\compiled\\next-server\\app-route-turbo.runtime.dev.js:1:187713)\n    at async handleResponse (D:\\p-p\\placement_platform\\.next\\dev\\server\\chunks\\node_modules_next_2741d3c7._.js:12087:32)\n    at async Module.handler (D:\\p-p\\placement_platform\\.next\\dev\\server\\chunks\\node_modules_next_2741d3c7._.js:12140:13)\n    at async DevServer.renderToResponseWithComponentsImpl (D:\\p-p\\placement_platform\\node_modules\\next\\dist\\server\\base-server.js:1422:9)\n    at async DevServer.renderPageComponent (D:\\p-p\\placement_platform\\node_modules\\next\\dist\\server\\base-server.js:1474:24)\n    at async DevServer.renderToResponseImpl (D:\\p-p\\placement_platform\\node_modules\\next\\dist\\server\\base-server.js:1524:32)\n    at async DevServer.pipeImpl (D:\\p-p\\placement_platform\\node_modules\\next\\dist\\server\\base-server.js:1018:25)\n    at async NextNodeServer.handleCatchallRenderRequest (D:\\p-p\\placement_platform\\node_modules\\next\\dist\\server\\next-server.js:395:17)\n    at async DevServer.handleRequestImpl (D:\\p-p\\placement_platform\\node_modules\\next\\dist\\server\\base-server.js:909:17)\n    at async D:\\p-p\\placement_platform\\node_modules\\next\\dist\\server\\dev\\next-dev-server.js:387:20\n    at async Span.traceAsyncFn (D:\\p-p\\placement_platform\\node_modules\\next\\dist\\trace\\trace.js:157:20)\n    at async DevServer.handleRequest (D:\\p-p\\placement_platform\\node_modules\\next\\dist\\server\\dev\\next-dev-server.js:383:24)\n    at async invokeRender (D:\\p-p\\placement_platform\\node_modules\\next\\dist\\server\\lib\\router-server.js:248:21)\n    at async handleRequest (D:\\p-p\\placement_platform\\node_modules\\next\\dist\\server\\lib\\router-server.js:447:24)\n    at async requestHandlerImpl (D:\\p-p\\placement_platform\\node_modules\\next\\dist\\server\\lib\\router-server.js:496:13)\n    at async Server.requestListener (D:\\p-p\\placement_platform\\node_modules\\next\\dist\\server\\lib\\start-server.js:226:13)",
  "error": {
    "code": "P1000",
    "meta": {
      "modelName": "User",
      "driverAdapterError": {
        "name": "DriverAdapterError",
        "cause": {
          "originalCode": "28P01",
          "originalMessage": "password authentication failed for user \"postgres\"",
          "kind": "AuthenticationFailed",
          "user": "postgres"
        }
      }
    },
    "clientVersion": "7.2.0",
    "name": "PrismaClientKnownRequestError"
  },
  "timestamp": "2026-01-18T10:21:37.996Z"
}
{
  "message": "\nInvalid `__TURBOPACK__imported__module__$5b$project$5d2f$src$2f$lib$2f$prisma$2e$ts__$5b$app$2d$route$5d$__$28$ecmascript$29$__[\"prisma\"].user.findUnique()` invocation in\nD:\\p-p\\placement_platform\\.next\\dev\\server\\chunks\\[root-of-the-server]__0be74f71._.js:216:174\n\n  213 }\n  214 console.log('🔄 Attempting login for:', credentials.email);\n  215 // Find user in database\n→ 216 const user = await __TURBOPACK__imported__module__$5b$project$5d2f$src$2f$lib$2f$prisma$2e$ts__$5b$app$2d$route$5d$__$28$ecmascript$29$__[\"prisma\"].user.findUnique(\nAuthentication failed against the database server, the provided database credentials for `postgres` are not valid",
  "stack": "PrismaClientKnownRequestError: \nInvalid `__TURBOPACK__imported__module__$5b$project$5d2f$src$2f$lib$2f$prisma$2e$ts__$5b$app$2d$route$5d$__$28$ecmascript$29$__[\"prisma\"].user.findUnique()` invocation in\nD:\\p-p\\placement_platform\\.next\\dev\\server\\chunks\\[root-of-the-server]__0be74f71._.js:216:174\n\n  213 }\n  214 console.log('🔄 Attempting login for:', credentials.email);\n  215 // Find user in database\n→ 216 const user = await __TURBOPACK__imported__module__$5b$project$5d2f$src$2f$lib$2f$prisma$2e$ts__$5b$app$2d$route$5d$__$28$ecmascript$29$__[\"prisma\"].user.findUnique(\nAuthentication failed against the database server, the provided database credentials for `postgres` are not valid\n    at qr.handleRequestError (D:\\p-p\\placement_platform\\node_modules\\@prisma\\client\\runtime\\client.js:65:8172)\n    at qr.handleAndLogRequestError (D:\\p-p\\placement_platform\\node_modules\\@prisma\\client\\runtime\\client.js:65:7467)\n    at qr.request (D:\\p-p\\placement_platform\\node_modules\\@prisma\\client\\runtime\\client.js:65:7174)\n    at process.processTicksAndRejections (node:internal/process/task_queues:105:5)\n    at async a (D:\\p-p\\placement_platform\\node_modules\\@prisma\\client\\runtime\\client.js:75:5816)\n    at async Object.authorize (D:\\p-p\\placement_platform\\.next\\dev\\server\\chunks\\[root-of-the-server]__0be74f71._.js:216:34)\n    at async Object.callback (D:\\p-p\\placement_platform\\.next\\dev\\server\\chunks\\node_modules_next-auth_1810886e._.js:1600:20)\n    at async AuthHandler (D:\\p-p\\placement_platform\\.next\\dev\\server\\chunks\\node_modules_next-auth_1810886e._.js:3333:38)\n    at async NextAuthRouteHandler (D:\\p-p\\placement_platform\\.next\\dev\\server\\chunks\\node_modules_next-auth_1810886e._.js:3501:30)\n    at async NextAuth._args$ (D:\\p-p\\placement_platform\\.next\\dev\\server\\chunks\\node_modules_next-auth_1810886e._.js:3536:24)\n    at async AppRouteRouteModule.do (D:\\p-p\\placement_platform\\node_modules\\next\\dist\\compiled\\next-server\\app-route-turbo.runtime.dev.js:5:37866)\n    at async AppRouteRouteModule.handle (D:\\p-p\\placement_platform\\node_modules\\next\\dist\\compiled\\next-server\\app-route-turbo.runtime.dev.js:5:45156)\n    at async responseGenerator (D:\\p-p\\placement_platform\\.next\\dev\\server\\chunks\\node_modules_next_2741d3c7._.js:12024:38)\n    at async AppRouteRouteModule.handleResponse (D:\\p-p\\placement_platform\\node_modules\\next\\dist\\compiled\\next-server\\app-route-turbo.runtime.dev.js:1:187713)\n    at async handleResponse (D:\\p-p\\placement_platform\\.next\\dev\\server\\chunks\\node_modules_next_2741d3c7._.js:12087:32)\n    at async Module.handler (D:\\p-p\\placement_platform\\.next\\dev\\server\\chunks\\node_modules_next_2741d3c7._.js:12140:13)\n    at async DevServer.renderToResponseWithComponentsImpl (D:\\p-p\\placement_platform\\node_modules\\next\\dist\\server\\base-server.js:1422:9)\n    at async DevServer.renderPageComponent (D:\\p-p\\placement_platform\\node_modules\\next\\dist\\server\\base-server.js:1474:24)\n    at async DevServer.renderToResponseImpl (D:\\p-p\\placement_platform\\node_modules\\next\\dist\\server\\base-server.js:1524:32)\n    at async DevServer.pipeImpl (D:\\p-p\\placement_platform\\node_modules\\next\\dist\\server\\base-server.js:1018:25)\n    at async NextNodeServer.handleCatchallRenderRequest (D:\\p-p\\placement_platform\\node_modules\\next\\dist\\server\\next-server.js:395:17)\n    at async DevServer.handleRequestImpl (D:\\p-p\\placement_platform\\node_modules\\next\\dist\\server\\base-server.js:909:17)\n    at async D:\\p-p\\placement_platform\\node_modules\\next\\dist\\server\\dev\\next-dev-server.js:387:20\n    at async Span.traceAsyncFn (D:\\p-p\\placement_platform\\node_modules\\next\\dist\\trace\\trace.js:157:20)\n    at async DevServer.handleRequest (D:\\p-p\\placement_platform\\node_modules\\next\\dist\\server\\dev\\next-dev-server.js:383:24)\n    at async invokeRender (D:\\p-p\\placement_platform\\node_modules\\next\\dist\\server\\lib\\router-server.js:248:21)\n    at async handleRequest (D:\\p-p\\placement_platform\\node_modules\\next\\dist\\server\\lib\\router-server.js:447:24)\n    at async requestHandlerImpl (D:\\p-p\\placement_platform\\node_modules\\next\\dist\\server\\lib\\router-server.js:496:13)\n    at async Server.requestListener (D:\\p-p\\placement_platform\\node_modules\\next\\dist\\server\\lib\\start-server.js:226:13)",
  "error": {
    "code": "P1000",
    "meta": {
      "modelName": "User",
      "driverAdapterError": {
        "name": "DriverAdapterError",
        "cause": {
          "originalCode": "28P01",
          "originalMessage": "password authentication failed for user \"postgres\"",
          "kind": "AuthenticationFailed",
          "user": "postgres"
        }
      }
    },
    "clientVersion": "7.2.0",
    "name": "PrismaClientKnownRequestError"
  },
  "timestamp": "2026-01-18T10:27:44.327Z"
}
{
  "message": "\nInvalid `__TURBOPACK__imported__module__$5b$project$5d2f$src$2f$lib$2f$prisma$2e$ts__$5b$app$2d$route$5d$__$28$ecmascript$29$__[\"prisma\"].user.findUnique()` invocation in\nD:\\p-p\\placement_platform\\.next\\dev\\server\\chunks\\[root-of-the-server]__0be74f71._.js:216:174\n\n  213 }\n  214 console.log('🔄 Attempting login for:', credentials.email);\n  215 // Find user in database\n→ 216 const user = await __TURBOPACK__imported__module__$5b$project$5d2f$src$2f$lib$2f$prisma$2e$ts__$5b$app$2d$route$5d$__$28$ecmascript$29$__[\"prisma\"].user.findUnique(\nAuthentication failed against the database server, the provided database credentials for `postgres` are not valid",
  "stack": "PrismaClientKnownRequestError: \nInvalid `__TURBOPACK__imported__module__$5b$project$5d2f$src$2f$lib$2f$prisma$2e$ts__$5b$app$2d$route$5d$__$28$ecmascript$29$__[\"prisma\"].user.findUnique()` invocation in\nD:\\p-p\\placement_platform\\.next\\dev\\server\\chunks\\[root-of-the-server]__0be74f71._.js:216:174\n\n  213 }\n  214 console.log('🔄 Attempting login for:', credentials.email);\n  215 // Find user in database\n→ 216 const user = await __TURBOPACK__imported__module__$5b$project$5d2f$src$2f$lib$2f$prisma$2e$ts__$5b$app$2d$route$5d$__$28$ecmascript$29$__[\"prisma\"].user.findUnique(\nAuthentication failed against the database server, the provided database credentials for `postgres` are not valid\n    at qr.handleRequestError (D:\\p-p\\placement_platform\\node_modules\\@prisma\\client\\runtime\\client.js:65:8172)\n    at qr.handleAndLogRequestError (D:\\p-p\\placement_platform\\node_modules\\@prisma\\client\\runtime\\client.js:65:7467)\n    at qr.request (D:\\p-p\\placement_platform\\node_modules\\@prisma\\client\\runtime\\client.js:65:7174)\n    at process.processTicksAndRejections (node:internal/process/task_queues:105:5)\n    at async a (D:\\p-p\\placement_platform\\node_modules\\@prisma\\client\\runtime\\client.js:75:5816)\n    at async Object.authorize (D:\\p-p\\placement_platform\\.next\\dev\\server\\chunks\\[root-of-the-server]__0be74f71._.js:216:34)\n    at async Object.callback (D:\\p-p\\placement_platform\\.next\\dev\\server\\chunks\\node_modules_next-auth_1810886e._.js:1600:20)\n    at async AuthHandler (D:\\p-p\\placement_platform\\.next\\dev\\server\\chunks\\node_modules_next-auth_1810886e._.js:3333:38)\n    at async NextAuthRouteHandler (D:\\p-p\\placement_platform\\.next\\dev\\server\\chunks\\node_modules_next-auth_1810886e._.js:3501:30)\n    at async NextAuth._args$ (D:\\p-p\\placement_platform\\.next\\dev\\server\\chunks\\node_modules_next-auth_1810886e._.js:3536:24)\n    at async AppRouteRouteModule.do (D:\\p-p\\placement_platform\\node_modules\\next\\dist\\compiled\\next-server\\app-route-turbo.runtime.dev.js:5:37866)\n    at async AppRouteRouteModule.handle (D:\\p-p\\placement_platform\\node_modules\\next\\dist\\compiled\\next-server\\app-route-turbo.runtime.dev.js:5:45156)\n    at async responseGenerator (D:\\p-p\\placement_platform\\.next\\dev\\server\\chunks\\node_modules_next_2741d3c7._.js:12024:38)\n    at async AppRouteRouteModule.handleResponse (D:\\p-p\\placement_platform\\node_modules\\next\\dist\\compiled\\next-server\\app-route-turbo.runtime.dev.js:1:187713)\n    at async handleResponse (D:\\p-p\\placement_platform\\.next\\dev\\server\\chunks\\node_modules_next_2741d3c7._.js:12087:32)\n    at async Module.handler (D:\\p-p\\placement_platform\\.next\\dev\\server\\chunks\\node_modules_next_2741d3c7._.js:12140:13)\n    at async DevServer.renderToResponseWithComponentsImpl (D:\\p-p\\placement_platform\\node_modules\\next\\dist\\server\\base-server.js:1422:9)\n    at async DevServer.renderPageComponent (D:\\p-p\\placement_platform\\node_modules\\next\\dist\\server\\base-server.js:1474:24)\n    at async DevServer.renderToResponseImpl (D:\\p-p\\placement_platform\\node_modules\\next\\dist\\server\\base-server.js:1524:32)\n    at async DevServer.pipeImpl (D:\\p-p\\placement_platform\\node_modules\\next\\dist\\server\\base-server.js:1018:25)\n    at async NextNodeServer.handleCatchallRenderRequest (D:\\p-p\\placement_platform\\node_modules\\next\\dist\\server\\next-server.js:395:17)\n    at async DevServer.handleRequestImpl (D:\\p-p\\placement_platform\\node_modules\\next\\dist\\server\\base-server.js:909:17)\n    at async D:\\p-p\\placement_platform\\node_modules\\next\\dist\\server\\dev\\next-dev-server.js:387:20\n    at async Span.traceAsyncFn (D:\\p-p\\placement_platform\\node_modules\\next\\dist\\trace\\trace.js:157:20)\n    at async DevServer.handleRequest (D:\\p-p\\placement_platform\\node_modules\\next\\dist\\server\\dev\\next-dev-server.js:383:24)\n    at async invokeRender (D:\\p-p\\placement_platform\\node_modules\\next\\dist\\server\\lib\\router-server.js:248:21)\n    at async handleRequest (D:\\p-p\\placement_platform\\node_modules\\next\\dist\\server\\lib\\router-server.js:447:24)\n    at async requestHandlerImpl (D:\\p-p\\placement_platform\\node_modules\\next\\dist\\server\\lib\\router-server.js:496:13)\n    at async Server.requestListener (D:\\p-p\\placement_platform\\node_modules\\next\\dist\\server\\lib\\start-server.js:226:13)",
  "error": {
    "code": "P1000",
    "meta": {
      "modelName": "User",
      "driverAdapterError": {
        "name": "DriverAdapterError",
        "cause": {
          "originalCode": "28P01",
          "originalMessage": "password authentication failed for user \"postgres\"",
          "kind": "AuthenticationFailed",
          "user": "postgres"
        }
      }
    },
    "clientVersion": "7.2.0",
    "name": "PrismaClientKnownRequestError"
  },
  "timestamp": "2026-01-18T10:46:31.306Z"
}
{
  "message": "\nInvalid `__TURBOPACK__imported__module__$5b$project$5d2f$src$2f$lib$2f$prisma$2e$ts__$5b$app$2d$route$5d$__$28$ecmascript$29$__[\"prisma\"].user.findUnique()` invocation in\nD:\\p-p\\placement_platform\\.next\\dev\\server\\chunks\\[root-of-the-server]__0be74f71._.js:216:174\n\n  213 }\n  214 console.log('🔄 Attempting login for:', credentials.email);\n  215 // Find user in database\n→ 216 const user = await __TURBOPACK__imported__module__$5b$project$5d2f$src$2f$lib$2f$prisma$2e$ts__$5b$app$2d$route$5d$__$28$ecmascript$29$__[\"prisma\"].user.findUnique(\nAuthentication failed against the database server, the provided database credentials for `postgres` are not valid",
  "stack": "PrismaClientKnownRequestError: \nInvalid `__TURBOPACK__imported__module__$5b$project$5d2f$src$2f$lib$2f$prisma$2e$ts__$5b$app$2d$route$5d$__$28$ecmascript$29$__[\"prisma\"].user.findUnique()` invocation in\nD:\\p-p\\placement_platform\\.next\\dev\\server\\chunks\\[root-of-the-server]__0be74f71._.js:216:174\n\n  213 }\n  214 console.log('🔄 Attempting login for:', credentials.email);\n  215 // Find user in database\n→ 216 const user = await __TURBOPACK__imported__module__$5b$project$5d2f$src$2f$lib$2f$prisma$2e$ts__$5b$app$2d$route$5d$__$28$ecmascript$29$__[\"prisma\"].user.findUnique(\nAuthentication failed against the database server, the provided database credentials for `postgres` are not valid\n    at qr.handleRequestError (D:\\p-p\\placement_platform\\node_modules\\@prisma\\client\\runtime\\client.js:65:8172)\n    at qr.handleAndLogRequestError (D:\\p-p\\placement_platform\\node_modules\\@prisma\\client\\runtime\\client.js:65:7467)\n    at qr.request (D:\\p-p\\placement_platform\\node_modules\\@prisma\\client\\runtime\\client.js:65:7174)\n    at process.processTicksAndRejections (node:internal/process/task_queues:105:5)\n    at async a (D:\\p-p\\placement_platform\\node_modules\\@prisma\\client\\runtime\\client.js:75:5816)\n    at async Object.authorize (D:\\p-p\\placement_platform\\.next\\dev\\server\\chunks\\[root-of-the-server]__0be74f71._.js:216:34)\n    at async Object.callback (D:\\p-p\\placement_platform\\.next\\dev\\server\\chunks\\node_modules_next-auth_1810886e._.js:1600:20)\n    at async AuthHandler (D:\\p-p\\placement_platform\\.next\\dev\\server\\chunks\\node_modules_next-auth_1810886e._.js:3333:38)\n    at async NextAuthRouteHandler (D:\\p-p\\placement_platform\\.next\\dev\\server\\chunks\\node_modules_next-auth_1810886e._.js:3501:30)\n    at async NextAuth._args$ (D:\\p-p\\placement_platform\\.next\\dev\\server\\chunks\\node_modules_next-auth_1810886e._.js:3536:24)\n    at async AppRouteRouteModule.do (D:\\p-p\\placement_platform\\node_modules\\next\\dist\\compiled\\next-server\\app-route-turbo.runtime.dev.js:5:37866)\n    at async AppRouteRouteModule.handle (D:\\p-p\\placement_platform\\node_modules\\next\\dist\\compiled\\next-server\\app-route-turbo.runtime.dev.js:5:45156)\n    at async responseGenerator (D:\\p-p\\placement_platform\\.next\\dev\\server\\chunks\\node_modules_next_2741d3c7._.js:12024:38)\n    at async AppRouteRouteModule.handleResponse (D:\\p-p\\placement_platform\\node_modules\\next\\dist\\compiled\\next-server\\app-route-turbo.runtime.dev.js:1:187713)\n    at async handleResponse (D:\\p-p\\placement_platform\\.next\\dev\\server\\chunks\\node_modules_next_2741d3c7._.js:12087:32)\n    at async Module.handler (D:\\p-p\\placement_platform\\.next\\dev\\server\\chunks\\node_modules_next_2741d3c7._.js:12140:13)\n    at async DevServer.renderToResponseWithComponentsImpl (D:\\p-p\\placement_platform\\node_modules\\next\\dist\\server\\base-server.js:1422:9)\n    at async DevServer.renderPageComponent (D:\\p-p\\placement_platform\\node_modules\\next\\dist\\server\\base-server.js:1474:24)\n    at async DevServer.renderToResponseImpl (D:\\p-p\\placement_platform\\node_modules\\next\\dist\\server\\base-server.js:1524:32)\n    at async DevServer.pipeImpl (D:\\p-p\\placement_platform\\node_modules\\next\\dist\\server\\base-server.js:1018:25)\n    at async NextNodeServer.handleCatchallRenderRequest (D:\\p-p\\placement_platform\\node_modules\\next\\dist\\server\\next-server.js:395:17)\n    at async DevServer.handleRequestImpl (D:\\p-p\\placement_platform\\node_modules\\next\\dist\\server\\base-server.js:909:17)\n    at async D:\\p-p\\placement_platform\\node_modules\\next\\dist\\server\\dev\\next-dev-server.js:387:20\n    at async Span.traceAsyncFn (D:\\p-p\\placement_platform\\node_modules\\next\\dist\\trace\\trace.js:157:20)\n    at async DevServer.handleRequest (D:\\p-p\\placement_platform\\node_modules\\next\\dist\\server\\dev\\next-dev-server.js:383:24)\n    at async invokeRender (D:\\p-p\\placement_platform\\node_modules\\next\\dist\\server\\lib\\router-server.js:248:21)\n    at async handleRequest (D:\\p-p\\placement_platform\\node_modules\\next\\dist\\server\\lib\\router-server.js:447:24)\n    at async requestHandlerImpl (D:\\p-p\\placement_platform\\node_modules\\next\\dist\\server\\lib\\router-server.js:496:13)\n    at async Server.requestListener (D:\\p-p\\placement_platform\\node_modules\\next\\dist\\server\\lib\\start-server.js:226:13)",
  "error": {
    "code": "P1000",
    "meta": {
      "modelName": "User",
      "driverAdapterError": {
        "name": "DriverAdapterError",
        "cause": {
          "originalCode": "28P01",
          "originalMessage": "password authentication failed for user \"postgres\"",
          "kind": "AuthenticationFailed",
          "user": "postgres"
        }
      }
    },
    "clientVersion": "7.2.0",
    "name": "PrismaClientKnownRequestError"
  },
  "timestamp": "2026-01-18T10:46:33.225Z"
}
{
  "message": "\nInvalid `__TURBOPACK__imported__module__$5b$project$5d2f$src$2f$lib$2f$prisma$2e$ts__$5b$app$2d$route$5d$__$28$ecmascript$29$__[\"prisma\"].user.findUnique()` invocation in\nD:\\p-p\\placement_platform\\.next\\dev\\server\\chunks\\[root-of-the-server]__0be74f71._.js:216:174\n\n  213 }\n  214 console.log('🔄 Attempting login for:', credentials.email);\n  215 // Find user in database\n→ 216 const user = await __TURBOPACK__imported__module__$5b$project$5d2f$src$2f$lib$2f$prisma$2e$ts__$5b$app$2d$route$5d$__$28$ecmascript$29$__[\"prisma\"].user.findUnique(\nAuthentication failed against the database server, the provided database credentials for `postgres` are not valid",
  "stack": "PrismaClientKnownRequestError: \nInvalid `__TURBOPACK__imported__module__$5b$project$5d2f$src$2f$lib$2f$prisma$2e$ts__$5b$app$2d$route$5d$__$28$ecmascript$29$__[\"prisma\"].user.findUnique()` invocation in\nD:\\p-p\\placement_platform\\.next\\dev\\server\\chunks\\[root-of-the-server]__0be74f71._.js:216:174\n\n  213 }\n  214 console.log('🔄 Attempting login for:', credentials.email);\n  215 // Find user in database\n→ 216 const user = await __TURBOPACK__imported__module__$5b$project$5d2f$src$2f$lib$2f$prisma$2e$ts__$5b$app$2d$route$5d$__$28$ecmascript$29$__[\"prisma\"].user.findUnique(\nAuthentication failed against the database server, the provided database credentials for `postgres` are not valid\n    at qr.handleRequestError (D:\\p-p\\placement_platform\\node_modules\\@prisma\\client\\runtime\\client.js:65:8172)\n    at qr.handleAndLogRequestError (D:\\p-p\\placement_platform\\node_modules\\@prisma\\client\\runtime\\client.js:65:7467)\n    at qr.request (D:\\p-p\\placement_platform\\node_modules\\@prisma\\client\\runtime\\client.js:65:7174)\n    at process.processTicksAndRejections (node:internal/process/task_queues:105:5)\n    at async a (D:\\p-p\\placement_platform\\node_modules\\@prisma\\client\\runtime\\client.js:75:5816)\n    at async Object.authorize (D:\\p-p\\placement_platform\\.next\\dev\\server\\chunks\\[root-of-the-server]__0be74f71._.js:216:34)\n    at async Object.callback (D:\\p-p\\placement_platform\\.next\\dev\\server\\chunks\\node_modules_next-auth_1810886e._.js:1600:20)\n    at async AuthHandler (D:\\p-p\\placement_platform\\.next\\dev\\server\\chunks\\node_modules_next-auth_1810886e._.js:3333:38)\n    at async NextAuthRouteHandler (D:\\p-p\\placement_platform\\.next\\dev\\server\\chunks\\node_modules_next-auth_1810886e._.js:3501:30)\n    at async NextAuth._args$ (D:\\p-p\\placement_platform\\.next\\dev\\server\\chunks\\node_modules_next-auth_1810886e._.js:3536:24)\n    at async AppRouteRouteModule.do (D:\\p-p\\placement_platform\\node_modules\\next\\dist\\compiled\\next-server\\app-route-turbo.runtime.dev.js:5:37866)\n    at async AppRouteRouteModule.handle (D:\\p-p\\placement_platform\\node_modules\\next\\dist\\compiled\\next-server\\app-route-turbo.runtime.dev.js:5:45156)\n    at async responseGenerator (D:\\p-p\\placement_platform\\.next\\dev\\server\\chunks\\node_modules_next_2741d3c7._.js:12024:38)\n    at async AppRouteRouteModule.handleResponse (D:\\p-p\\placement_platform\\node_modules\\next\\dist\\compiled\\next-server\\app-route-turbo.runtime.dev.js:1:187713)\n    at async handleResponse (D:\\p-p\\placement_platform\\.next\\dev\\server\\chunks\\node_modules_next_2741d3c7._.js:12087:32)\n    at async Module.handler (D:\\p-p\\placement_platform\\.next\\dev\\server\\chunks\\node_modules_next_2741d3c7._.js:12140:13)\n    at async DevServer.renderToResponseWithComponentsImpl (D:\\p-p\\placement_platform\\node_modules\\next\\dist\\server\\base-server.js:1422:9)\n    at async DevServer.renderPageComponent (D:\\p-p\\placement_platform\\node_modules\\next\\dist\\server\\base-server.js:1474:24)\n    at async DevServer.renderToResponseImpl (D:\\p-p\\placement_platform\\node_modules\\next\\dist\\server\\base-server.js:1524:32)\n    at async DevServer.pipeImpl (D:\\p-p\\placement_platform\\node_modules\\next\\dist\\server\\base-server.js:1018:25)\n    at async NextNodeServer.handleCatchallRenderRequest (D:\\p-p\\placement_platform\\node_modules\\next\\dist\\server\\next-server.js:395:17)\n    at async DevServer.handleRequestImpl (D:\\p-p\\placement_platform\\node_modules\\next\\dist\\server\\base-server.js:909:17)\n    at async D:\\p-p\\placement_platform\\node_modules\\next\\dist\\server\\dev\\next-dev-server.js:387:20\n    at async Span.traceAsyncFn (D:\\p-p\\placement_platform\\node_modules\\next\\dist\\trace\\trace.js:157:20)\n    at async DevServer.handleRequest (D:\\p-p\\placement_platform\\node_modules\\next\\dist\\server\\dev\\next-dev-server.js:383:24)\n    at async invokeRender (D:\\p-p\\placement_platform\\node_modules\\next\\dist\\server\\lib\\router-server.js:248:21)\n    at async handleRequest (D:\\p-p\\placement_platform\\node_modules\\next\\dist\\server\\lib\\router-server.js:447:24)\n    at async requestHandlerImpl (D:\\p-p\\placement_platform\\node_modules\\next\\dist\\server\\lib\\router-server.js:496:13)\n    at async Server.requestListener (D:\\p-p\\placement_platform\\node_modules\\next\\dist\\server\\lib\\start-server.js:226:13)",
  "error": {
    "code": "P1000",
    "meta": {
      "modelName": "User",
      "driverAdapterError": {
        "name": "DriverAdapterError",
        "cause": {
          "originalCode": "28P01",
          "originalMessage": "password authentication failed for user \"postgres\"",
          "kind": "AuthenticationFailed",
          "user": "postgres"
        }
      }
    },
    "clientVersion": "7.2.0",
    "name": "PrismaClientKnownRequestError"
  },
  "timestamp": "2026-01-18T13:16:56.192Z"
}
{
  "message": "\nInvalid `__TURBOPACK__imported__module__$5b$project$5d2f$src$2f$lib$2f$prisma$2e$ts__$5b$app$2d$route$5d$__$28$ecmascript$29$__[\"prisma\"].user.findUnique()` invocation in\nD:\\p-p\\placement_platform\\.next\\dev\\server\\chunks\\[root-of-the-server]__0be74f71._.js:216:174\n\n  213 }\n  214 console.log('🔄 Attempting login for:', credentials.email);\n  215 // Find user in database\n→ 216 const user = await __TURBOPACK__imported__module__$5b$project$5d2f$src$2f$lib$2f$prisma$2e$ts__$5b$app$2d$route$5d$__$28$ecmascript$29$__[\"prisma\"].user.findUnique(\nAuthentication failed against the database server, the provided database credentials for `postgres` are not valid",
  "stack": "PrismaClientKnownRequestError: \nInvalid `__TURBOPACK__imported__module__$5b$project$5d2f$src$2f$lib$2f$prisma$2e$ts__$5b$app$2d$route$5d$__$28$ecmascript$29$__[\"prisma\"].user.findUnique()` invocation in\nD:\\p-p\\placement_platform\\.next\\dev\\server\\chunks\\[root-of-the-server]__0be74f71._.js:216:174\n\n  213 }\n  214 console.log('🔄 Attempting login for:', credentials.email);\n  215 // Find user in database\n→ 216 const user = await __TURBOPACK__imported__module__$5b$project$5d2f$src$2f$lib$2f$prisma$2e$ts__$5b$app$2d$route$5d$__$28$ecmascript$29$__[\"prisma\"].user.findUnique(\nAuthentication failed against the database server, the provided database credentials for `postgres` are not valid\n    at qr.handleRequestError (D:\\p-p\\placement_platform\\node_modules\\@prisma\\client\\runtime\\client.js:65:8172)\n    at qr.handleAndLogRequestError (D:\\p-p\\placement_platform\\node_modules\\@prisma\\client\\runtime\\client.js:65:7467)\n    at qr.request (D:\\p-p\\placement_platform\\node_modules\\@prisma\\client\\runtime\\client.js:65:7174)\n    at process.processTicksAndRejections (node:internal/process/task_queues:105:5)\n    at async a (D:\\p-p\\placement_platform\\node_modules\\@prisma\\client\\runtime\\client.js:75:5816)\n    at async Object.authorize (D:\\p-p\\placement_platform\\.next\\dev\\server\\chunks\\[root-of-the-server]__0be74f71._.js:216:34)\n    at async Object.callback (D:\\p-p\\placement_platform\\.next\\dev\\server\\chunks\\node_modules_next-auth_1810886e._.js:1600:20)\n    at async AuthHandler (D:\\p-p\\placement_platform\\.next\\dev\\server\\chunks\\node_modules_next-auth_1810886e._.js:3333:38)\n    at async NextAuthRouteHandler (D:\\p-p\\placement_platform\\.next\\dev\\server\\chunks\\node_modules_next-auth_1810886e._.js:3501:30)\n    at async NextAuth._args$ (D:\\p-p\\placement_platform\\.next\\dev\\server\\chunks\\node_modules_next-auth_1810886e._.js:3536:24)\n    at async AppRouteRouteModule.do (D:\\p-p\\placement_platform\\node_modules\\next\\dist\\compiled\\next-server\\app-route-turbo.runtime.dev.js:5:37866)\n    at async AppRouteRouteModule.handle (D:\\p-p\\placement_platform\\node_modules\\next\\dist\\compiled\\next-server\\app-route-turbo.runtime.dev.js:5:45156)\n    at async responseGenerator (D:\\p-p\\placement_platform\\.next\\dev\\server\\chunks\\node_modules_next_2741d3c7._.js:12024:38)\n    at async AppRouteRouteModule.handleResponse (D:\\p-p\\placement_platform\\node_modules\\next\\dist\\compiled\\next-server\\app-route-turbo.runtime.dev.js:1:187713)\n    at async handleResponse (D:\\p-p\\placement_platform\\.next\\dev\\server\\chunks\\node_modules_next_2741d3c7._.js:12087:32)\n    at async Module.handler (D:\\p-p\\placement_platform\\.next\\dev\\server\\chunks\\node_modules_next_2741d3c7._.js:12140:13)\n    at async DevServer.renderToResponseWithComponentsImpl (D:\\p-p\\placement_platform\\node_modules\\next\\dist\\server\\base-server.js:1422:9)\n    at async DevServer.renderPageComponent (D:\\p-p\\placement_platform\\node_modules\\next\\dist\\server\\base-server.js:1474:24)\n    at async DevServer.renderToResponseImpl (D:\\p-p\\placement_platform\\node_modules\\next\\dist\\server\\base-server.js:1524:32)\n    at async DevServer.pipeImpl (D:\\p-p\\placement_platform\\node_modules\\next\\dist\\server\\base-server.js:1018:25)\n    at async NextNodeServer.handleCatchallRenderRequest (D:\\p-p\\placement_platform\\node_modules\\next\\dist\\server\\next-server.js:395:17)\n    at async DevServer.handleRequestImpl (D:\\p-p\\placement_platform\\node_modules\\next\\dist\\server\\base-server.js:909:17)\n    at async D:\\p-p\\placement_platform\\node_modules\\next\\dist\\server\\dev\\next-dev-server.js:387:20\n    at async Span.traceAsyncFn (D:\\p-p\\placement_platform\\node_modules\\next\\dist\\trace\\trace.js:157:20)\n    at async DevServer.handleRequest (D:\\p-p\\placement_platform\\node_modules\\next\\dist\\server\\dev\\next-dev-server.js:383:24)\n    at async invokeRender (D:\\p-p\\placement_platform\\node_modules\\next\\dist\\server\\lib\\router-server.js:248:21)\n    at async handleRequest (D:\\p-p\\placement_platform\\node_modules\\next\\dist\\server\\lib\\router-server.js:447:24)\n    at async requestHandlerImpl (D:\\p-p\\placement_platform\\node_modules\\next\\dist\\server\\lib\\router-server.js:496:13)\n    at async Server.requestListener (D:\\p-p\\placement_platform\\node_modules\\next\\dist\\server\\lib\\start-server.js:226:13)",
  "error": {
    "code": "P1000",
    "meta": {
      "modelName": "User",
      "driverAdapterError": {
        "name": "DriverAdapterError",
        "cause": {
          "originalCode": "28P01",
          "originalMessage": "password authentication failed for user \"postgres\"",
          "kind": "AuthenticationFailed",
          "user": "postgres"
        }
      }
    },
    "clientVersion": "7.2.0",
    "name": "PrismaClientKnownRequestError"
  },
  "timestamp": "2026-01-18T13:16:58.457Z"
}
{
  "message": "\nInvalid `__TURBOPACK__imported__module__$5b$project$5d2f$src$2f$lib$2f$prisma$2e$ts__$5b$app$2d$route$5d$__$28$ecmascript$29$__[\"prisma\"].user.findUnique()` invocation in\nD:\\p-p\\placement_platform\\.next\\dev\\server\\chunks\\[root-of-the-server]__0be74f71._.js:216:174\n\n  213 }\n  214 console.log('🔄 Attempting login for:', credentials.email);\n  215 // Find user in database\n→ 216 const user = await __TURBOPACK__imported__module__$5b$project$5d2f$src$2f$lib$2f$prisma$2e$ts__$5b$app$2d$route$5d$__$28$ecmascript$29$__[\"prisma\"].user.findUnique(\nAuthentication failed against the database server, the provided database credentials for `postgres` are not valid",
  "stack": "PrismaClientKnownRequestError: \nInvalid `__TURBOPACK__imported__module__$5b$project$5d2f$src$2f$lib$2f$prisma$2e$ts__$5b$app$2d$route$5d$__$28$ecmascript$29$__[\"prisma\"].user.findUnique()` invocation in\nD:\\p-p\\placement_platform\\.next\\dev\\server\\chunks\\[root-of-the-server]__0be74f71._.js:216:174\n\n  213 }\n  214 console.log('🔄 Attempting login for:', credentials.email);\n  215 // Find user in database\n→ 216 const user = await __TURBOPACK__imported__module__$5b$project$5d2f$src$2f$lib$2f$prisma$2e$ts__$5b$app$2d$route$5d$__$28$ecmascript$29$__[\"prisma\"].user.findUnique(\nAuthentication failed against the database server, the provided database credentials for `postgres` are not valid\n    at qr.handleRequestError (D:\\p-p\\placement_platform\\node_modules\\@prisma\\client\\runtime\\client.js:65:8172)\n    at qr.handleAndLogRequestError (D:\\p-p\\placement_platform\\node_modules\\@prisma\\client\\runtime\\client.js:65:7467)\n    at qr.request (D:\\p-p\\placement_platform\\node_modules\\@prisma\\client\\runtime\\client.js:65:7174)\n    at process.processTicksAndRejections (node:internal/process/task_queues:105:5)\n    at async a (D:\\p-p\\placement_platform\\node_modules\\@prisma\\client\\runtime\\client.js:75:5816)\n    at async Object.authorize (D:\\p-p\\placement_platform\\.next\\dev\\server\\chunks\\[root-of-the-server]__0be74f71._.js:216:34)\n    at async Object.callback (D:\\p-p\\placement_platform\\.next\\dev\\server\\chunks\\node_modules_next-auth_1810886e._.js:1600:20)\n    at async AuthHandler (D:\\p-p\\placement_platform\\.next\\dev\\server\\chunks\\node_modules_next-auth_1810886e._.js:3333:38)\n    at async NextAuthRouteHandler (D:\\p-p\\placement_platform\\.next\\dev\\server\\chunks\\node_modules_next-auth_1810886e._.js:3501:30)\n    at async NextAuth._args$ (D:\\p-p\\placement_platform\\.next\\dev\\server\\chunks\\node_modules_next-auth_1810886e._.js:3536:24)\n    at async AppRouteRouteModule.do (D:\\p-p\\placement_platform\\node_modules\\next\\dist\\compiled\\next-server\\app-route-turbo.runtime.dev.js:5:37866)\n    at async AppRouteRouteModule.handle (D:\\p-p\\placement_platform\\node_modules\\next\\dist\\compiled\\next-server\\app-route-turbo.runtime.dev.js:5:45156)\n    at async responseGenerator (D:\\p-p\\placement_platform\\.next\\dev\\server\\chunks\\node_modules_next_2741d3c7._.js:12024:38)\n    at async AppRouteRouteModule.handleResponse (D:\\p-p\\placement_platform\\node_modules\\next\\dist\\compiled\\next-server\\app-route-turbo.runtime.dev.js:1:187713)\n    at async handleResponse (D:\\p-p\\placement_platform\\.next\\dev\\server\\chunks\\node_modules_next_2741d3c7._.js:12087:32)\n    at async Module.handler (D:\\p-p\\placement_platform\\.next\\dev\\server\\chunks\\node_modules_next_2741d3c7._.js:12140:13)\n    at async DevServer.renderToResponseWithComponentsImpl (D:\\p-p\\placement_platform\\node_modules\\next\\dist\\server\\base-server.js:1422:9)\n    at async DevServer.renderPageComponent (D:\\p-p\\placement_platform\\node_modules\\next\\dist\\server\\base-server.js:1474:24)\n    at async DevServer.renderToResponseImpl (D:\\p-p\\placement_platform\\node_modules\\next\\dist\\server\\base-server.js:1524:32)\n    at async DevServer.pipeImpl (D:\\p-p\\placement_platform\\node_modules\\next\\dist\\server\\base-server.js:1018:25)\n    at async NextNodeServer.handleCatchallRenderRequest (D:\\p-p\\placement_platform\\node_modules\\next\\dist\\server\\next-server.js:395:17)\n    at async DevServer.handleRequestImpl (D:\\p-p\\placement_platform\\node_modules\\next\\dist\\server\\base-server.js:909:17)\n    at async D:\\p-p\\placement_platform\\node_modules\\next\\dist\\server\\dev\\next-dev-server.js:387:20\n    at async Span.traceAsyncFn (D:\\p-p\\placement_platform\\node_modules\\next\\dist\\trace\\trace.js:157:20)\n    at async DevServer.handleRequest (D:\\p-p\\placement_platform\\node_modules\\next\\dist\\server\\dev\\next-dev-server.js:383:24)\n    at async invokeRender (D:\\p-p\\placement_platform\\node_modules\\next\\dist\\server\\lib\\router-server.js:248:21)\n    at async handleRequest (D:\\p-p\\placement_platform\\node_modules\\next\\dist\\server\\lib\\router-server.js:447:24)\n    at async requestHandlerImpl (D:\\p-p\\placement_platform\\node_modules\\next\\dist\\server\\lib\\router-server.js:496:13)\n    at async Server.requestListener (D:\\p-p\\placement_platform\\node_modules\\next\\dist\\server\\lib\\start-server.js:226:13)",
  "error": {
    "code": "P1000",
    "meta": {
      "modelName": "User",
      "driverAdapterError": {
        "name": "DriverAdapterError",
        "cause": {
          "originalCode": "28P01",
          "originalMessage": "password authentication failed for user \"postgres\"",
          "kind": "AuthenticationFailed",
          "user": "postgres"
        }
      }
    },
    "clientVersion": "7.2.0",
    "name": "PrismaClientKnownRequestError"
  },
  "timestamp": "2026-01-18T13:26:21.193Z"
}
{
  "message": "\nInvalid `__TURBOPACK__imported__module__$5b$project$5d2f$src$2f$lib$2f$prisma$2e$ts__$5b$app$2d$route$5d$__$28$ecmascript$29$__[\"prisma\"].user.findUnique()` invocation in\nD:\\p-p\\placement_platform\\.next\\dev\\server\\chunks\\[root-of-the-server]__0be74f71._.js:216:174\n\n  213 }\n  214 console.log('🔄 Attempting login for:', credentials.email);\n  215 // Find user in database\n→ 216 const user = await __TURBOPACK__imported__module__$5b$project$5d2f$src$2f$lib$2f$prisma$2e$ts__$5b$app$2d$route$5d$__$28$ecmascript$29$__[\"prisma\"].user.findUnique(\nAuthentication failed against the database server, the provided database credentials for `postgres` are not valid",
  "stack": "PrismaClientKnownRequestError: \nInvalid `__TURBOPACK__imported__module__$5b$project$5d2f$src$2f$lib$2f$prisma$2e$ts__$5b$app$2d$route$5d$__$28$ecmascript$29$__[\"prisma\"].user.findUnique()` invocation in\nD:\\p-p\\placement_platform\\.next\\dev\\server\\chunks\\[root-of-the-server]__0be74f71._.js:216:174\n\n  213 }\n  214 console.log('🔄 Attempting login for:', credentials.email);\n  215 // Find user in database\n→ 216 const user = await __TURBOPACK__imported__module__$5b$project$5d2f$src$2f$lib$2f$prisma$2e$ts__$5b$app$2d$route$5d$__$28$ecmascript$29$__[\"prisma\"].user.findUnique(\nAuthentication failed against the database server, the provided database credentials for `postgres` are not valid\n    at qr.handleRequestError (D:\\p-p\\placement_platform\\node_modules\\@prisma\\client\\runtime\\client.js:65:8172)\n    at qr.handleAndLogRequestError (D:\\p-p\\placement_platform\\node_modules\\@prisma\\client\\runtime\\client.js:65:7467)\n    at qr.request (D:\\p-p\\placement_platform\\node_modules\\@prisma\\client\\runtime\\client.js:65:7174)\n    at process.processTicksAndRejections (node:internal/process/task_queues:105:5)\n    at async a (D:\\p-p\\placement_platform\\node_modules\\@prisma\\client\\runtime\\client.js:75:5816)\n    at async Object.authorize (D:\\p-p\\placement_platform\\.next\\dev\\server\\chunks\\[root-of-the-server]__0be74f71._.js:216:34)\n    at async Object.callback (D:\\p-p\\placement_platform\\.next\\dev\\server\\chunks\\node_modules_next-auth_1810886e._.js:1600:20)\n    at async AuthHandler (D:\\p-p\\placement_platform\\.next\\dev\\server\\chunks\\node_modules_next-auth_1810886e._.js:3333:38)\n    at async NextAuthRouteHandler (D:\\p-p\\placement_platform\\.next\\dev\\server\\chunks\\node_modules_next-auth_1810886e._.js:3501:30)\n    at async NextAuth._args$ (D:\\p-p\\placement_platform\\.next\\dev\\server\\chunks\\node_modules_next-auth_1810886e._.js:3536:24)\n    at async AppRouteRouteModule.do (D:\\p-p\\placement_platform\\node_modules\\next\\dist\\compiled\\next-server\\app-route-turbo.runtime.dev.js:5:37866)\n    at async AppRouteRouteModule.handle (D:\\p-p\\placement_platform\\node_modules\\next\\dist\\compiled\\next-server\\app-route-turbo.runtime.dev.js:5:45156)\n    at async responseGenerator (D:\\p-p\\placement_platform\\.next\\dev\\server\\chunks\\node_modules_next_2741d3c7._.js:12024:38)\n    at async AppRouteRouteModule.handleResponse (D:\\p-p\\placement_platform\\node_modules\\next\\dist\\compiled\\next-server\\app-route-turbo.runtime.dev.js:1:187713)\n    at async handleResponse (D:\\p-p\\placement_platform\\.next\\dev\\server\\chunks\\node_modules_next_2741d3c7._.js:12087:32)\n    at async Module.handler (D:\\p-p\\placement_platform\\.next\\dev\\server\\chunks\\node_modules_next_2741d3c7._.js:12140:13)\n    at async DevServer.renderToResponseWithComponentsImpl (D:\\p-p\\placement_platform\\node_modules\\next\\dist\\server\\base-server.js:1422:9)\n    at async DevServer.renderPageComponent (D:\\p-p\\placement_platform\\node_modules\\next\\dist\\server\\base-server.js:1474:24)\n    at async DevServer.renderToResponseImpl (D:\\p-p\\placement_platform\\node_modules\\next\\dist\\server\\base-server.js:1524:32)\n    at async DevServer.pipeImpl (D:\\p-p\\placement_platform\\node_modules\\next\\dist\\server\\base-server.js:1018:25)\n    at async NextNodeServer.handleCatchallRenderRequest (D:\\p-p\\placement_platform\\node_modules\\next\\dist\\server\\next-server.js:395:17)\n    at async DevServer.handleRequestImpl (D:\\p-p\\placement_platform\\node_modules\\next\\dist\\server\\base-server.js:909:17)\n    at async D:\\p-p\\placement_platform\\node_modules\\next\\dist\\server\\dev\\next-dev-server.js:387:20\n    at async Span.traceAsyncFn (D:\\p-p\\placement_platform\\node_modules\\next\\dist\\trace\\trace.js:157:20)\n    at async DevServer.handleRequest (D:\\p-p\\placement_platform\\node_modules\\next\\dist\\server\\dev\\next-dev-server.js:383:24)\n    at async invokeRender (D:\\p-p\\placement_platform\\node_modules\\next\\dist\\server\\lib\\router-server.js:248:21)\n    at async handleRequest (D:\\p-p\\placement_platform\\node_modules\\next\\dist\\server\\lib\\router-server.js:447:24)\n    at async requestHandlerImpl (D:\\p-p\\placement_platform\\node_modules\\next\\dist\\server\\lib\\router-server.js:496:13)\n    at async Server.requestListener (D:\\p-p\\placement_platform\\node_modules\\next\\dist\\server\\lib\\start-server.js:226:13)",
  "error": {
    "code": "P1000",
    "meta": {
      "modelName": "User",
      "driverAdapterError": {
        "name": "DriverAdapterError",
        "cause": {
          "originalCode": "28P01",
          "originalMessage": "password authentication failed for user \"postgres\"",
          "kind": "AuthenticationFailed",
          "user": "postgres"
        }
      }
    },
    "clientVersion": "7.2.0",
    "name": "PrismaClientKnownRequestError"
  },
  "timestamp": "2026-01-18T13:26:23.227Z"
}
{
  "message": "\nInvalid `__TURBOPACK__imported__module__$5b$project$5d2f$src$2f$lib$2f$prisma$2e$ts__$5b$app$2d$route$5d$__$28$ecmascript$29$__[\"prisma\"].user.findUnique()` invocation in\nD:\\p-p\\placement_platform\\.next\\dev\\server\\chunks\\[root-of-the-server]__0be74f71._.js:216:174\n\n  213 }\n  214 console.log('🔄 Attempting login for:', credentials.email);\n  215 // Find user in database\n→ 216 const user = await __TURBOPACK__imported__module__$5b$project$5d2f$src$2f$lib$2f$prisma$2e$ts__$5b$app$2d$route$5d$__$28$ecmascript$29$__[\"prisma\"].user.findUnique(\nAuthentication failed against the database server, the provided database credentials for `postgres` are not valid",
  "stack": "PrismaClientKnownRequestError: \nInvalid `__TURBOPACK__imported__module__$5b$project$5d2f$src$2f$lib$2f$prisma$2e$ts__$5b$app$2d$route$5d$__$28$ecmascript$29$__[\"prisma\"].user.findUnique()` invocation in\nD:\\p-p\\placement_platform\\.next\\dev\\server\\chunks\\[root-of-the-server]__0be74f71._.js:216:174\n\n  213 }\n  214 console.log('🔄 Attempting login for:', credentials.email);\n  215 // Find user in database\n→ 216 const user = await __TURBOPACK__imported__module__$5b$project$5d2f$src$2f$lib$2f$prisma$2e$ts__$5b$app$2d$route$5d$__$28$ecmascript$29$__[\"prisma\"].user.findUnique(\nAuthentication failed against the database server, the provided database credentials for `postgres` are not valid\n    at qr.handleRequestError (D:\\p-p\\placement_platform\\node_modules\\@prisma\\client\\runtime\\client.js:65:8172)\n    at qr.handleAndLogRequestError (D:\\p-p\\placement_platform\\node_modules\\@prisma\\client\\runtime\\client.js:65:7467)\n    at qr.request (D:\\p-p\\placement_platform\\node_modules\\@prisma\\client\\runtime\\client.js:65:7174)\n    at process.processTicksAndRejections (node:internal/process/task_queues:105:5)\n    at async a (D:\\p-p\\placement_platform\\node_modules\\@prisma\\client\\runtime\\client.js:75:5816)\n    at async Object.authorize (D:\\p-p\\placement_platform\\.next\\dev\\server\\chunks\\[root-of-the-server]__0be74f71._.js:216:34)\n    at async Object.callback (D:\\p-p\\placement_platform\\.next\\dev\\server\\chunks\\node_modules_next-auth_1810886e._.js:1600:20)\n    at async AuthHandler (D:\\p-p\\placement_platform\\.next\\dev\\server\\chunks\\node_modules_next-auth_1810886e._.js:3333:38)\n    at async NextAuthRouteHandler (D:\\p-p\\placement_platform\\.next\\dev\\server\\chunks\\node_modules_next-auth_1810886e._.js:3501:30)\n    at async NextAuth._args$ (D:\\p-p\\placement_platform\\.next\\dev\\server\\chunks\\node_modules_next-auth_1810886e._.js:3536:24)\n    at async AppRouteRouteModule.do (D:\\p-p\\placement_platform\\node_modules\\next\\dist\\compiled\\next-server\\app-route-turbo.runtime.dev.js:5:37866)\n    at async AppRouteRouteModule.handle (D:\\p-p\\placement_platform\\node_modules\\next\\dist\\compiled\\next-server\\app-route-turbo.runtime.dev.js:5:45156)\n    at async responseGenerator (D:\\p-p\\placement_platform\\.next\\dev\\server\\chunks\\node_modules_next_2741d3c7._.js:12024:38)\n    at async AppRouteRouteModule.handleResponse (D:\\p-p\\placement_platform\\node_modules\\next\\dist\\compiled\\next-server\\app-route-turbo.runtime.dev.js:1:187713)\n    at async handleResponse (D:\\p-p\\placement_platform\\.next\\dev\\server\\chunks\\node_modules_next_2741d3c7._.js:12087:32)\n    at async Module.handler (D:\\p-p\\placement_platform\\.next\\dev\\server\\chunks\\node_modules_next_2741d3c7._.js:12140:13)\n    at async DevServer.renderToResponseWithComponentsImpl (D:\\p-p\\placement_platform\\node_modules\\next\\dist\\server\\base-server.js:1422:9)\n    at async DevServer.renderPageComponent (D:\\p-p\\placement_platform\\node_modules\\next\\dist\\server\\base-server.js:1474:24)\n    at async DevServer.renderToResponseImpl (D:\\p-p\\placement_platform\\node_modules\\next\\dist\\server\\base-server.js:1524:32)\n    at async DevServer.pipeImpl (D:\\p-p\\placement_platform\\node_modules\\next\\dist\\server\\base-server.js:1018:25)\n    at async NextNodeServer.handleCatchallRenderRequest (D:\\p-p\\placement_platform\\node_modules\\next\\dist\\server\\next-server.js:395:17)\n    at async DevServer.handleRequestImpl (D:\\p-p\\placement_platform\\node_modules\\next\\dist\\server\\base-server.js:909:17)\n    at async D:\\p-p\\placement_platform\\node_modules\\next\\dist\\server\\dev\\next-dev-server.js:387:20\n    at async Span.traceAsyncFn (D:\\p-p\\placement_platform\\node_modules\\next\\dist\\trace\\trace.js:157:20)\n    at async DevServer.handleRequest (D:\\p-p\\placement_platform\\node_modules\\next\\dist\\server\\dev\\next-dev-server.js:383:24)\n    at async invokeRender (D:\\p-p\\placement_platform\\node_modules\\next\\dist\\server\\lib\\router-server.js:248:21)\n    at async handleRequest (D:\\p-p\\placement_platform\\node_modules\\next\\dist\\server\\lib\\router-server.js:447:24)\n    at async requestHandlerImpl (D:\\p-p\\placement_platform\\node_modules\\next\\dist\\server\\lib\\router-server.js:496:13)\n    at async Server.requestListener (D:\\p-p\\placement_platform\\node_modules\\next\\dist\\server\\lib\\start-server.js:226:13)",
  "error": {
    "code": "P1000",
    "meta": {
      "modelName": "User",
      "driverAdapterError": {
        "name": "DriverAdapterError",
        "cause": {
          "originalCode": "28P01",
          "originalMessage": "password authentication failed for user \"postgres\"",
          "kind": "AuthenticationFailed",
          "user": "postgres"
        }
      }
    },
    "clientVersion": "7.2.0",
    "name": "PrismaClientKnownRequestError"
  },
  "timestamp": "2026-01-19T13:18:10.940Z"
}
{
  "message": "\nInvalid `__TURBOPACK__imported__module__$5b$project$5d2f$src$2f$lib$2f$prisma$2e$ts__$5b$app$2d$route$5d$__$28$ecmascript$29$__[\"prisma\"].user.findUnique()` invocation in\nD:\\p-p\\placement_platform\\.next\\dev\\server\\chunks\\[root-of-the-server]__0be74f71._.js:216:174\n\n  213 }\n  214 console.log('🔄 Attempting login for:', credentials.email);\n  215 // Find user in database\n→ 216 const user = await __TURBOPACK__imported__module__$5b$project$5d2f$src$2f$lib$2f$prisma$2e$ts__$5b$app$2d$route$5d$__$28$ecmascript$29$__[\"prisma\"].user.findUnique(\nAuthentication failed against the database server, the provided database credentials for `postgres` are not valid",
  "stack": "PrismaClientKnownRequestError: \nInvalid `__TURBOPACK__imported__module__$5b$project$5d2f$src$2f$lib$2f$prisma$2e$ts__$5b$app$2d$route$5d$__$28$ecmascript$29$__[\"prisma\"].user.findUnique()` invocation in\nD:\\p-p\\placement_platform\\.next\\dev\\server\\chunks\\[root-of-the-server]__0be74f71._.js:216:174\n\n  213 }\n  214 console.log('🔄 Attempting login for:', credentials.email);\n  215 // Find user in database\n→ 216 const user = await __TURBOPACK__imported__module__$5b$project$5d2f$src$2f$lib$2f$prisma$2e$ts__$5b$app$2d$route$5d$__$28$ecmascript$29$__[\"prisma\"].user.findUnique(\nAuthentication failed against the database server, the provided database credentials for `postgres` are not valid\n    at qr.handleRequestError (D:\\p-p\\placement_platform\\node_modules\\@prisma\\client\\runtime\\client.js:65:8172)\n    at qr.handleAndLogRequestError (D:\\p-p\\placement_platform\\node_modules\\@prisma\\client\\runtime\\client.js:65:7467)\n    at qr.request (D:\\p-p\\placement_platform\\node_modules\\@prisma\\client\\runtime\\client.js:65:7174)\n    at process.processTicksAndRejections (node:internal/process/task_queues:105:5)\n    at async a (D:\\p-p\\placement_platform\\node_modules\\@prisma\\client\\runtime\\client.js:75:5816)\n    at async Object.authorize (D:\\p-p\\placement_platform\\.next\\dev\\server\\chunks\\[root-of-the-server]__0be74f71._.js:216:34)\n    at async Object.callback (D:\\p-p\\placement_platform\\.next\\dev\\server\\chunks\\node_modules_next-auth_1810886e._.js:1600:20)\n    at async AuthHandler (D:\\p-p\\placement_platform\\.next\\dev\\server\\chunks\\node_modules_next-auth_1810886e._.js:3333:38)\n    at async NextAuthRouteHandler (D:\\p-p\\placement_platform\\.next\\dev\\server\\chunks\\node_modules_next-auth_1810886e._.js:3501:30)\n    at async NextAuth._args$ (D:\\p-p\\placement_platform\\.next\\dev\\server\\chunks\\node_modules_next-auth_1810886e._.js:3536:24)\n    at async AppRouteRouteModule.do (D:\\p-p\\placement_platform\\node_modules\\next\\dist\\compiled\\next-server\\app-route-turbo.runtime.dev.js:5:37866)\n    at async AppRouteRouteModule.handle (D:\\p-p\\placement_platform\\node_modules\\next\\dist\\compiled\\next-server\\app-route-turbo.runtime.dev.js:5:45156)\n    at async responseGenerator (D:\\p-p\\placement_platform\\.next\\dev\\server\\chunks\\node_modules_next_2741d3c7._.js:12024:38)\n    at async AppRouteRouteModule.handleResponse (D:\\p-p\\placement_platform\\node_modules\\next\\dist\\compiled\\next-server\\app-route-turbo.runtime.dev.js:1:187713)\n    at async handleResponse (D:\\p-p\\placement_platform\\.next\\dev\\server\\chunks\\node_modules_next_2741d3c7._.js:12087:32)\n    at async Module.handler (D:\\p-p\\placement_platform\\.next\\dev\\server\\chunks\\node_modules_next_2741d3c7._.js:12140:13)\n    at async DevServer.renderToResponseWithComponentsImpl (D:\\p-p\\placement_platform\\node_modules\\next\\dist\\server\\base-server.js:1422:9)\n    at async DevServer.renderPageComponent (D:\\p-p\\placement_platform\\node_modules\\next\\dist\\server\\base-server.js:1474:24)\n    at async DevServer.renderToResponseImpl (D:\\p-p\\placement_platform\\node_modules\\next\\dist\\server\\base-server.js:1524:32)\n    at async DevServer.pipeImpl (D:\\p-p\\placement_platform\\node_modules\\next\\dist\\server\\base-server.js:1018:25)\n    at async NextNodeServer.handleCatchallRenderRequest (D:\\p-p\\placement_platform\\node_modules\\next\\dist\\server\\next-server.js:395:17)\n    at async DevServer.handleRequestImpl (D:\\p-p\\placement_platform\\node_modules\\next\\dist\\server\\base-server.js:909:17)\n    at async D:\\p-p\\placement_platform\\node_modules\\next\\dist\\server\\dev\\next-dev-server.js:387:20\n    at async Span.traceAsyncFn (D:\\p-p\\placement_platform\\node_modules\\next\\dist\\trace\\trace.js:157:20)\n    at async DevServer.handleRequest (D:\\p-p\\placement_platform\\node_modules\\next\\dist\\server\\dev\\next-dev-server.js:383:24)\n    at async invokeRender (D:\\p-p\\placement_platform\\node_modules\\next\\dist\\server\\lib\\router-server.js:248:21)\n    at async handleRequest (D:\\p-p\\placement_platform\\node_modules\\next\\dist\\server\\lib\\router-server.js:447:24)\n    at async requestHandlerImpl (D:\\p-p\\placement_platform\\node_modules\\next\\dist\\server\\lib\\router-server.js:496:13)\n    at async Server.requestListener (D:\\p-p\\placement_platform\\node_modules\\next\\dist\\server\\lib\\start-server.js:226:13)",
  "error": {
    "code": "P1000",
    "meta": {
      "modelName": "User",
      "driverAdapterError": {
        "name": "DriverAdapterError",
        "cause": {
          "originalCode": "28P01",
          "originalMessage": "password authentication failed for user \"postgres\"",
          "kind": "AuthenticationFailed",
          "user": "postgres"
        }
      }
    },
    "clientVersion": "7.2.0",
    "name": "PrismaClientKnownRequestError"
  },
  "timestamp": "2026-01-19T13:19:06.062Z"
}
{
  "message": "Invalid credentials",
  "stack": "Error: Invalid credentials\n    at Object.authorize (D:\\p-p\\placement_platform\\.next\\dev\\server\\chunks\\[root-of-the-server]__0be74f71._.js:223:31)\n    at process.processTicksAndRejections (node:internal/process/task_queues:105:5)\n    at async Object.callback (D:\\p-p\\placement_platform\\.next\\dev\\server\\chunks\\node_modules_next-auth_1810886e._.js:1600:20)\n    at async AuthHandler (D:\\p-p\\placement_platform\\.next\\dev\\server\\chunks\\node_modules_next-auth_1810886e._.js:3333:38)\n    at async NextAuthRouteHandler (D:\\p-p\\placement_platform\\.next\\dev\\server\\chunks\\node_modules_next-auth_1810886e._.js:3501:30)\n    at async NextAuth._args$ (D:\\p-p\\placement_platform\\.next\\dev\\server\\chunks\\node_modules_next-auth_1810886e._.js:3536:24)\n    at async AppRouteRouteModule.do (D:\\p-p\\placement_platform\\node_modules\\next\\dist\\compiled\\next-server\\app-route-turbo.runtime.dev.js:5:37866)\n    at async AppRouteRouteModule.handle (D:\\p-p\\placement_platform\\node_modules\\next\\dist\\compiled\\next-server\\app-route-turbo.runtime.dev.js:5:45156)\n    at async responseGenerator (D:\\p-p\\placement_platform\\.next\\dev\\server\\chunks\\node_modules_next_2741d3c7._.js:12024:38)\n    at async AppRouteRouteModule.handleResponse (D:\\p-p\\placement_platform\\node_modules\\next\\dist\\compiled\\next-server\\app-route-turbo.runtime.dev.js:1:187713)\n    at async handleResponse (D:\\p-p\\placement_platform\\.next\\dev\\server\\chunks\\node_modules_next_2741d3c7._.js:12087:32)\n    at async Module.handler (D:\\p-p\\placement_platform\\.next\\dev\\server\\chunks\\node_modules_next_2741d3c7._.js:12140:13)\n    at async DevServer.renderToResponseWithComponentsImpl (D:\\p-p\\placement_platform\\node_modules\\next\\dist\\server\\base-server.js:1422:9)\n    at async DevServer.renderPageComponent (D:\\p-p\\placement_platform\\node_modules\\next\\dist\\server\\base-server.js:1474:24)\n    at async DevServer.renderToResponseImpl (D:\\p-p\\placement_platform\\node_modules\\next\\dist\\server\\base-server.js:1524:32)\n    at async DevServer.pipeImpl (D:\\p-p\\placement_platform\\node_modules\\next\\dist\\server\\base-server.js:1018:25)\n    at async NextNodeServer.handleCatchallRenderRequest (D:\\p-p\\placement_platform\\node_modules\\next\\dist\\server\\next-server.js:395:17)\n    at async DevServer.handleRequestImpl (D:\\p-p\\placement_platform\\node_modules\\next\\dist\\server\\base-server.js:909:17)\n    at async D:\\p-p\\placement_platform\\node_modules\\next\\dist\\server\\dev\\next-dev-server.js:387:20\n    at async Span.traceAsyncFn (D:\\p-p\\placement_platform\\node_modules\\next\\dist\\trace\\trace.js:157:20)\n    at async DevServer.handleRequest (D:\\p-p\\placement_platform\\node_modules\\next\\dist\\server\\dev\\next-dev-server.js:383:24)\n    at async invokeRender (D:\\p-p\\placement_platform\\node_modules\\next\\dist\\server\\lib\\router-server.js:248:21)\n    at async handleRequest (D:\\p-p\\placement_platform\\node_modules\\next\\dist\\server\\lib\\router-server.js:447:24)\n    at async requestHandlerImpl (D:\\p-p\\placement_platform\\node_modules\\next\\dist\\server\\lib\\router-server.js:496:13)\n    at async Server.requestListener (D:\\p-p\\placement_platform\\node_modules\\next\\dist\\server\\lib\\start-server.js:226:13)",
  "error": {},
  "timestamp": "2026-01-20T13:11:54.784Z"
}
{
  "message": "\nInvalid `__TURBOPACK__imported__module__$5b$project$5d2f$src$2f$lib$2f$prisma$2e$ts__$5b$app$2d$route$5d$__$28$ecmascript$29$__[\"prisma\"].user.findUnique()` invocation in\nD:\\p-p\\placement_platform\\.next\\dev\\server\\chunks\\[root-of-the-server]__0be74f71._.js:216:174\n\n  213 }\n  214 console.log('🔄 Attempting login for:', credentials.email);\n  215 // Find user in database\n→ 216 const user = await __TURBOPACK__imported__module__$5b$project$5d2f$src$2f$lib$2f$prisma$2e$ts__$5b$app$2d$route$5d$__$28$ecmascript$29$__[\"prisma\"].user.findUnique(\nAuthentication failed against the database server, the provided database credentials for `postgres` are not valid",
  "stack": "PrismaClientKnownRequestError: \nInvalid `__TURBOPACK__imported__module__$5b$project$5d2f$src$2f$lib$2f$prisma$2e$ts__$5b$app$2d$route$5d$__$28$ecmascript$29$__[\"prisma\"].user.findUnique()` invocation in\nD:\\p-p\\placement_platform\\.next\\dev\\server\\chunks\\[root-of-the-server]__0be74f71._.js:216:174\n\n  213 }\n  214 console.log('🔄 Attempting login for:', credentials.email);\n  215 // Find user in database\n→ 216 const user = await __TURBOPACK__imported__module__$5b$project$5d2f$src$2f$lib$2f$prisma$2e$ts__$5b$app$2d$route$5d$__$28$ecmascript$29$__[\"prisma\"].user.findUnique(\nAuthentication failed against the database server, the provided database credentials for `postgres` are not valid\n    at qr.handleRequestError (D:\\p-p\\placement_platform\\node_modules\\@prisma\\client\\runtime\\client.js:65:8172)\n    at qr.handleAndLogRequestError (D:\\p-p\\placement_platform\\node_modules\\@prisma\\client\\runtime\\client.js:65:7467)\n    at qr.request (D:\\p-p\\placement_platform\\node_modules\\@prisma\\client\\runtime\\client.js:65:7174)\n    at process.processTicksAndRejections (node:internal/process/task_queues:105:5)\n    at async a (D:\\p-p\\placement_platform\\node_modules\\@prisma\\client\\runtime\\client.js:75:5816)\n    at async Object.authorize (D:\\p-p\\placement_platform\\.next\\dev\\server\\chunks\\[root-of-the-server]__0be74f71._.js:216:34)\n    at async Object.callback (D:\\p-p\\placement_platform\\.next\\dev\\server\\chunks\\node_modules_next-auth_1810886e._.js:1600:20)\n    at async AuthHandler (D:\\p-p\\placement_platform\\.next\\dev\\server\\chunks\\node_modules_next-auth_1810886e._.js:3333:38)\n    at async NextAuthRouteHandler (D:\\p-p\\placement_platform\\.next\\dev\\server\\chunks\\node_modules_next-auth_1810886e._.js:3501:30)\n    at async NextAuth._args$ (D:\\p-p\\placement_platform\\.next\\dev\\server\\chunks\\node_modules_next-auth_1810886e._.js:3536:24)\n    at async AppRouteRouteModule.do (D:\\p-p\\placement_platform\\node_modules\\next\\dist\\compiled\\next-server\\app-route-turbo.runtime.dev.js:5:37866)\n    at async AppRouteRouteModule.handle (D:\\p-p\\placement_platform\\node_modules\\next\\dist\\compiled\\next-server\\app-route-turbo.runtime.dev.js:5:45156)\n    at async responseGenerator (D:\\p-p\\placement_platform\\.next\\dev\\server\\chunks\\node_modules_next_2741d3c7._.js:12024:38)\n    at async AppRouteRouteModule.handleResponse (D:\\p-p\\placement_platform\\node_modules\\next\\dist\\compiled\\next-server\\app-route-turbo.runtime.dev.js:1:187713)\n    at async handleResponse (D:\\p-p\\placement_platform\\.next\\dev\\server\\chunks\\node_modules_next_2741d3c7._.js:12087:32)\n    at async Module.handler (D:\\p-p\\placement_platform\\.next\\dev\\server\\chunks\\node_modules_next_2741d3c7._.js:12140:13)\n    at async DevServer.renderToResponseWithComponentsImpl (D:\\p-p\\placement_platform\\node_modules\\next\\dist\\server\\base-server.js:1422:9)\n    at async DevServer.renderPageComponent (D:\\p-p\\placement_platform\\node_modules\\next\\dist\\server\\base-server.js:1474:24)\n    at async DevServer.renderToResponseImpl (D:\\p-p\\placement_platform\\node_modules\\next\\dist\\server\\base-server.js:1524:32)\n    at async DevServer.pipeImpl (D:\\p-p\\placement_platform\\node_modules\\next\\dist\\server\\base-server.js:1018:25)\n    at async NextNodeServer.handleCatchallRenderRequest (D:\\p-p\\placement_platform\\node_modules\\next\\dist\\server\\next-server.js:395:17)\n    at async DevServer.handleRequestImpl (D:\\p-p\\placement_platform\\node_modules\\next\\dist\\server\\base-server.js:909:17)\n    at async D:\\p-p\\placement_platform\\node_modules\\next\\dist\\server\\dev\\next-dev-server.js:387:20\n    at async Span.traceAsyncFn (D:\\p-p\\placement_platform\\node_modules\\next\\dist\\trace\\trace.js:157:20)\n    at async DevServer.handleRequest (D:\\p-p\\placement_platform\\node_modules\\next\\dist\\server\\dev\\next-dev-server.js:383:24)\n    at async invokeRender (D:\\p-p\\placement_platform\\node_modules\\next\\dist\\server\\lib\\router-server.js:248:21)\n    at async handleRequest (D:\\p-p\\placement_platform\\node_modules\\next\\dist\\server\\lib\\router-server.js:447:24)\n    at async requestHandlerImpl (D:\\p-p\\placement_platform\\node_modules\\next\\dist\\server\\lib\\router-server.js:496:13)\n    at async Server.requestListener (D:\\p-p\\placement_platform\\node_modules\\next\\dist\\server\\lib\\start-server.js:226:13)",
  "error": {
    "code": "P1000",
    "meta": {
      "modelName": "User",
      "driverAdapterError": {
        "name": "DriverAdapterError",
        "cause": {
          "originalCode": "28P01",
          "originalMessage": "password authentication failed for user \"postgres\"",
          "kind": "AuthenticationFailed",
          "user": "postgres"
        }
      }
    },
    "clientVersion": "7.2.0",
    "name": "PrismaClientKnownRequestError"
  },
  "timestamp": "2026-01-23T13:05:15.133Z"
}
{
  "message": "Connection terminated due to connection timeout",
  "stack": "Error: Connection terminated due to connection timeout\n    at D:\\p-p\\placement_platform\\node_modules\\pg-pool\\index.js:45:11\n    at process.processTicksAndRejections (node:internal/process/task_queues:105:5)\n    at async PrismaPgAdapter.performIO (D:\\p-p\\placement_platform\\.next\\dev\\server\\chunks\\[root-of-the-server]__bb2b2c50._.js:5367:28)\n    at async PrismaPgAdapter.queryRaw (D:\\p-p\\placement_platform\\.next\\dev\\server\\chunks\\[root-of-the-server]__bb2b2c50._.js:5319:34)\n    at async D:\\p-p\\placement_platform\\node_modules\\@prisma\\client\\runtime\\client.js:11:24331\n    at async fr (D:\\p-p\\placement_platform\\node_modules\\@prisma\\client\\runtime\\client.js:11:24170)\n    at async e.interpretNode (D:\\p-p\\placement_platform\\node_modules\\@prisma\\client\\runtime\\client.js:11:42277)\n    at async e.interpretNode (D:\\p-p\\placement_platform\\node_modules\\@prisma\\client\\runtime\\client.js:11:42701)\n    at async e.interpretNode (D:\\p-p\\placement_platform\\node_modules\\@prisma\\client\\runtime\\client.js:11:43875)\n    at async e.run (D:\\p-p\\placement_platform\\node_modules\\@prisma\\client\\runtime\\client.js:11:41116)\n    at async e.execute (D:\\p-p\\placement_platform\\node_modules\\@prisma\\client\\runtime\\client.js:57:682)\n    at async Dt.request (D:\\p-p\\placement_platform\\node_modules\\@prisma\\client\\runtime\\client.js:58:2186)\n    at async Object.singleLoader (D:\\p-p\\placement_platform\\node_modules\\@prisma\\client\\runtime\\client.js:65:6569)",
  "error": {
    "clientVersion": "7.2.0"
  },
  "timestamp": "2026-01-27T04:41:45.569Z"
}
