
> test-example@0.1.0 build
> next build

Γû▓ Next.js 16.1.1 (Turbopack)
- Environments: .env
- Experiments (use with caution):
  ┬╖ serverActions

ΓÜá The "middleware" file convention is deprecated. Please use "proxy" instead. Learn more: https://nextjs.org/docs/messages/middleware-to-proxy
  Creating an optimized production build ...
Γ£ô Compiled successfully in 7.3s
  Running TypeScript ...
Failed to compile.

./src/app/(dashboard)/layout.tsx:31:21
Type error: JSX elements cannot have multiple attributes with the same name.

  29 |                     collapsed={collapsed}
  30 |                     setCollapsed={setCollapsed}
> 31 |                     setCollapsed={setCollapsed}
     |                     ^
  32 |                     role={session?.user?.role}
  33 |                     user={session?.user}
  34 |                 />
Next.js build worker exited with code: 1 and signal: null
