
> test-example@0.1.0 build
> next build

Γû▓ Next.js 16.1.1 (Turbopack)
- Environments: .env
- Experiments (use with caution):
  ┬╖ serverActions

ΓÜá The "middleware" file convention is deprecated. Please use "proxy" instead. Learn more: https://nextjs.org/docs/messages/middleware-to-proxy
  Creating an optimized production build ...
Γ£ô Compiled successfully in 7.3s
  Running TypeScript ...
Failed to compile.

./src/app/api/problems/run/route.ts:82:32
Type error: Parameter 'r' implicitly has an 'any' type.

  80 |
  81 |       return NextResponse.json({
> 82 |         success: results.every(r => r.passed),
     |                                ^
  83 |         results: results,
  84 |         time: finalSubmission.time,
  85 |         memory: finalSubmission.memory,
Next.js build worker exited with code: 1 and signal: null
