
> test-example@0.1.0 build
> next build

Γû▓ Next.js 16.1.1 (Turbopack)
- Environments: .env
- Experiments (use with caution):
  ┬╖ serverActions

ΓÜá The "middleware" file convention is deprecated. Please use "proxy" instead. Learn more: https://nextjs.org/docs/messages/middleware-to-proxy
  Creating an optimized production build ...
Γ£ô Compiled successfully in 7.8s
  Running TypeScript ...
  Collecting page data using 15 workers ...
Airtable API Key or Base ID is missing
  Generating static pages using 15 workers (0/87) ...
  Generating static pages using 15 workers (21/87) 
  Generating static pages using 15 workers (43/87) 
  Generating static pages using 15 workers (65/87) 
Γ£ô Generating static pages using 15 workers (87/87) in 574.8ms
  Finalizing page optimization ...

Route (app)
Γöî Γùï /
Γö£ Γùï /_not-found
Γö£ ╞Æ /admin
Γö£ Γùï /admin/analytics
Γö£ Γùï /admin/leaderboard
Γö£ Γùï /admin/mcq-generator
Γö£ Γùï /admin/mock-tests
Γö£ ╞Æ /admin/mock-tests/[id]/questions
Γö£ Γùï /admin/problems
Γö£ ╞Æ /admin/questions
Γö£ Γùï /admin/questions/new
Γö£ Γùï /admin/questions/upload
Γö£ Γùï /admin/settings
Γö£ Γùï /admin/subtopics
Γö£ Γùï /admin/tests
Γö£ ╞Æ /admin/tests/[id]
Γö£ ╞Æ /admin/tests/[id]/import
Γö£ ╞Æ /admin/tests/[id]/questions
Γö£ ╞Æ /admin/tests/[id]/subtopics
Γö£ Γùï /admin/tests/new
Γö£ Γùï /admin/users
Γö£ ╞Æ /api/admin/analytics
Γö£ ╞Æ /api/admin/dashboard/stats
Γö£ ╞Æ /api/admin/placement-tests
Γö£ ╞Æ /api/admin/questions/upload
Γö£ ╞Æ /api/admin/stats
Γö£ ╞Æ /api/admin/subtopics/upload
Γö£ ╞Æ /api/ai-feedback
Γö£ ╞Æ /api/assignments
Γö£ ╞Æ /api/auth/[...nextauth]
Γö£ ╞Æ /api/auth/otp/send
Γö£ ╞Æ /api/auth/otp/verify
Γö£ ╞Æ /api/coderun
Γö£ ╞Æ /api/generate-mcq
Γö£ ╞Æ /api/heygen-token
Γö£ ╞Æ /api/identity
Γö£ ╞Æ /api/interviews
Γö£ ╞Æ /api/interviews/submit
Γö£ ╞Æ /api/leaderboard
Γö£ ╞Æ /api/monitoring
Γö£ ╞Æ /api/placements/[id]
Γö£ ╞Æ /api/placements/[id]/eligibility
Γö£ ╞Æ /api/placements/[id]/stage/[stageName]
Γö£ ╞Æ /api/placements/[id]/stage/[stageName]/questions
Γö£ ╞Æ /api/placements/[id]/voice
Γö£ ╞Æ /api/placements/apply
Γö£ ╞Æ /api/placements/my-applications
Γö£ ╞Æ /api/problems
Γö£ ╞Æ /api/problems/run
Γö£ ╞Æ /api/problems/saved
Γö£ ╞Æ /api/problems/submit
Γö£ ╞Æ /api/profile
Γö£ ╞Æ /api/questions
Γö£ ╞Æ /api/register
Γö£ ╞Æ /api/results
Γö£ ╞Æ /api/submit-interview
Γö£ ╞Æ /api/submit-test
Γö£ ╞Æ /api/test-db
Γö£ ╞Æ /api/test-login
Γö£ ╞Æ /api/tests
Γö£ ╞Æ /api/tests/[id]
Γö£ ╞Æ /api/tests/[id]/questions
Γö£ ╞Æ /api/tests/[id]/questions/bulk
Γö£ ╞Æ /api/tests/[id]/settings
Γö£ ╞Æ /api/tests/[id]/submit
Γö£ ╞Æ /api/tests/[id]/subtopics
Γö£ ╞Æ /api/tests/[id]/subtopics/[subtopicId]
Γö£ ╞Æ /api/tests/[id]/subtopics/[subtopicId]/questions
Γö£ ╞Æ /api/tests/[id]/subtopics/[subtopicId]/questions/bulk
Γö£ ╞Æ /api/tests/[id]/subtopics/[subtopicId]/submit
Γö£ ╞Æ /api/tests/[id]/subtopics/reorder
Γö£ ╞Æ /api/tests/submit
Γö£ ╞Æ /api/upload
Γö£ ╞Æ /api/user/profile
Γö£ ╞Æ /api/users
Γö£ Γùï /dashboard
Γö£ Γùï /dashboard/companies
Γö£ Γùï /dashboard/interview-suite
Γö£ Γùï /dashboard/interview-suite/analytics
Γö£ Γùï /dashboard/interview-suite/history
Γö£ ╞Æ /dashboard/interview-suite/history/[id]
Γö£ Γùï /dashboard/interview-suite/start
Γö£ Γùï /dashboard/leaderboard
Γö£ Γùï /dashboard/mock-tests
Γö£ ╞Æ /dashboard/mock-tests/[id]
Γö£ ╞Æ /dashboard/mock-tests/[id]/test
Γö£ Γùï /dashboard/my-tests
Γö£ ╞Æ /dashboard/placement-test/[testType]
Γö£ Γùï /dashboard/placements
Γö£ ╞Æ /dashboard/placements/[id]
Γö£ ╞Æ /dashboard/placements/[id]/advanced
Γö£ ╞Æ /dashboard/placements/[id]/aptitude
Γö£ ╞Æ /dashboard/placements/[id]/coding
Γö£ ╞Æ /dashboard/placements/[id]/eligibility
Γö£ ╞Æ /dashboard/placements/[id]/eligibility-result
Γö£ ╞Æ /dashboard/placements/[id]/essay
Γö£ ╞Æ /dashboard/placements/[id]/foundation
Γö£ ╞Æ /dashboard/placements/[id]/result/[stageName]
Γö£ ╞Æ /dashboard/placements/[id]/voice
Γö£ Γùï /dashboard/profile
Γö£ ╞Æ /dashboard/programming
Γö£ ╞Æ /dashboard/programming/[problemId]
Γö£ Γùï /dashboard/results
Γö£ ╞Æ /dashboard/results/[id]
Γö£ Γùï /dashboard/results/latest
Γö£ Γùï /dashboard/resume-simulator
Γö£ ╞Æ /dashboard/resume-simulator/builder/[templateId]
Γö£ Γùï /dashboard/resume-simulator/templates
Γö£ ╞Æ /dashboard/test/[id]
Γö£ ╞Æ /dashboard/test/[id]/subtopic/[subtopicId]
Γö£ ╞Æ /dashboard/test/[id]/subtopic/[subtopicId]/result
Γö£ ╞Æ /dashboard/test/[id]/subtopics
Γö£ ╞Æ /dashboard/test/[id]/summary
Γö£ ╞Æ /dashboard/test/company/[company]
Γö£ ╞Æ /dashboard/test/topic/[topic]
Γö£ Γùï /dashboard/topics
Γö£ Γùï /dashboard/voice-assessment
Γö£ ╞Æ /exam/[id]
Γö£ ╞Æ /exam/[id]/dashboard
Γö£ ╞Æ /exam/[id]/eligibility
Γö£ ╞Æ /exam/[id]/result
Γö£ ╞Æ /exam/[id]/test
Γö£ Γùï /login
Γö£ Γùï /signup
Γö£ ╞Æ /tcs-portal
Γö£ ╞Æ /tcs-portal/instructions
Γö£ ╞Æ /tcs-portal/interview
Γö£ ╞Æ /tcs-portal/mock-drive/intro
Γö£ ╞Æ /tcs-portal/result
Γö£ ╞Æ /tcs-portal/test/aptitude
Γö£ ╞Æ /tcs-portal/test/coding
Γö£ Γùï /test
Γö£ ╞Æ /wipro-portal
Γö£ ╞Æ /wipro-portal/instructions
Γö£ ╞Æ /wipro-portal/interview
Γö£ ╞Æ /wipro-portal/mock-drive/intro
Γö£ ╞Æ /wipro-portal/result
Γö£ ╞Æ /wipro-portal/test/aptitude
Γöö ╞Æ /wipro-portal/test/coding


╞Æ Proxy (Middleware)

Γùï  (Static)   prerendered as static content
╞Æ  (Dynamic)  server-rendered on demand

